<?xml version="1.0" encoding="UTF-8"?>
<coverage generated="1548831234675" clover="3.2.0">
  <project timestamp="1548831234675" name="All files">
    <metrics statements="284" coveredstatements="242" conditionals="166" coveredconditionals="139" methods="110" coveredmethods="87" elements="560" coveredelements="468" complexity="0" loc="284" ncloc="284" packages="5" files="22" classes="22">
      <package name="src">
        <metrics statements="5" coveredstatements="5" conditionals="0" coveredconditionals="0" methods="0" coveredmethods="0"/>
        <file name="index.js" path="/var/www/aviasales-test/src/index.js">
          <metrics statements="5" coveredstatements="5" conditionals="0" coveredconditionals="0" methods="0" coveredmethods="0"/>
          <line num="9" count="1" type="stmt"/>
          <line num="11" count="1" type="stmt"/>
          <line num="12" count="1" type="stmt"/>
          <line num="14" count="1" type="stmt"/>
          <line num="24" count="1" type="stmt"/>
        </file>
      </package>
      <package name="src.components">
        <metrics statements="52" coveredstatements="30" conditionals="16" coveredconditionals="12" methods="22" coveredmethods="13"/>
        <file name="App.js" path="/var/www/aviasales-test/src/components/App.js">
          <metrics statements="19" coveredstatements="13" conditionals="8" coveredconditionals="6" methods="14" coveredmethods="6"/>
          <line num="19" count="1" type="stmt"/>
          <line num="20" count="1" type="stmt"/>
          <line num="22" count="1" type="cond" truecount="3" falsecount="1"/>
          <line num="23" count="1" type="stmt"/>
          <line num="25" count="1" type="cond" truecount="3" falsecount="1"/>
          <line num="26" count="1" type="stmt"/>
          <line num="30" count="1" type="stmt"/>
          <line num="33" count="2" type="stmt"/>
          <line num="34" count="2" type="stmt"/>
          <line num="60" count="2" type="stmt"/>
          <line num="70" count="0" type="stmt"/>
          <line num="71" count="0" type="stmt"/>
          <line num="72" count="0" type="stmt"/>
          <line num="73" count="0" type="stmt"/>
          <line num="76" count="2" type="stmt"/>
          <line num="88" count="2" type="stmt"/>
          <line num="94" count="0" type="stmt"/>
          <line num="95" count="1" type="stmt"/>
          <line num="96" count="0" type="stmt"/>
        </file>
        <file name="containers.js" path="/var/www/aviasales-test/src/components/containers.js">
          <metrics statements="33" coveredstatements="17" conditionals="8" coveredconditionals="6" methods="8" coveredmethods="7"/>
          <line num="11" count="2" type="stmt"/>
          <line num="13" count="2" type="stmt"/>
          <line num="19" count="1" type="stmt"/>
          <line num="21" count="0" type="stmt"/>
          <line num="22" count="0" type="stmt"/>
          <line num="23" count="0" type="stmt"/>
          <line num="24" count="0" type="stmt"/>
          <line num="27" count="0" type="stmt"/>
          <line num="28" count="0" type="stmt"/>
          <line num="29" count="0" type="stmt"/>
          <line num="30" count="0" type="stmt"/>
          <line num="33" count="0" type="stmt"/>
          <line num="34" count="0" type="stmt"/>
          <line num="35" count="0" type="stmt"/>
          <line num="36" count="0" type="stmt"/>
          <line num="41" count="2" type="cond" truecount="0" falsecount="1"/>
          <line num="42" count="2" type="stmt"/>
          <line num="43" count="0" type="stmt"/>
          <line num="46" count="2" type="stmt"/>
          <line num="48" count="2" type="stmt"/>
          <line num="49" count="2" type="stmt"/>
          <line num="50" count="6" type="stmt"/>
          <line num="51" count="6" type="stmt"/>
          <line num="52" count="6" type="stmt"/>
          <line num="53" count="6" type="cond" truecount="2" falsecount="0"/>
          <line num="62" count="6" type="stmt"/>
          <line num="68" count="2" type="stmt"/>
          <line num="73" count="1" type="stmt"/>
          <line num="75" count="0" type="stmt"/>
          <line num="76" count="0" type="stmt"/>
          <line num="77" count="0" type="stmt"/>
          <line num="82" count="2" type="stmt"/>
          <line num="83" count="2" type="stmt"/>
        </file>
      </package>
      <package name="src.components.UI">
        <metrics statements="71" coveredstatements="60" conditionals="47" coveredconditionals="24" methods="22" coveredmethods="14"/>
        <file name="ButtonsGroup.js" path="/var/www/aviasales-test/src/components/UI/ButtonsGroup.js">
          <metrics statements="8" coveredstatements="8" conditionals="4" coveredconditionals="4" methods="3" coveredmethods="3"/>
          <line num="5" count="3" type="stmt"/>
          <line num="6" count="5" type="stmt"/>
          <line num="7" count="5" type="stmt"/>
          <line num="21" count="12" type="stmt"/>
          <line num="22" count="12" type="stmt"/>
          <line num="50" count="3" type="stmt"/>
          <line num="55" count="1" type="stmt"/>
          <line num="58" count="3" type="stmt"/>
        </file>
        <file name="CurrencySymbol.js" path="/var/www/aviasales-test/src/components/UI/CurrencySymbol.js">
          <metrics statements="10" coveredstatements="10" conditionals="3" coveredconditionals="3" methods="2" coveredmethods="2"/>
          <line num="4" count="3" type="stmt"/>
          <line num="5" count="3" type="cond" truecount="3" falsecount="0"/>
          <line num="7" count="1" type="stmt"/>
          <line num="10" count="1" type="stmt"/>
          <line num="13" count="1" type="stmt"/>
          <line num="16" count="3" type="stmt"/>
          <line num="17" count="3" type="stmt"/>
          <line num="18" count="3" type="stmt"/>
          <line num="25" count="3" type="stmt"/>
          <line num="29" count="3" type="stmt"/>
        </file>
        <file name="Filter.js" path="/var/www/aviasales-test/src/components/UI/Filter.js">
          <metrics statements="5" coveredstatements="5" conditionals="2" coveredconditionals="2" methods="2" coveredmethods="2"/>
          <line num="5" count="3" type="stmt"/>
          <line num="6" count="4" type="stmt"/>
          <line num="10" count="3" type="stmt"/>
          <line num="20" count="3" type="stmt"/>
          <line num="24" count="3" type="stmt"/>
        </file>
        <file name="Header.js" path="/var/www/aviasales-test/src/components/UI/Header.js">
          <metrics statements="5" coveredstatements="5" conditionals="4" coveredconditionals="2" methods="1" coveredmethods="1"/>
          <line num="5" count="2" type="stmt"/>
          <line num="6" count="2" type="cond" truecount="1" falsecount="1"/>
          <line num="9" count="2" type="stmt"/>
          <line num="25" count="2" type="stmt"/>
          <line num="31" count="2" type="stmt"/>
        </file>
        <file name="Loader.js" path="/var/www/aviasales-test/src/components/UI/Loader.js">
          <metrics statements="4" coveredstatements="4" conditionals="0" coveredconditionals="0" methods="1" coveredmethods="1"/>
          <line num="5" count="2" type="stmt"/>
          <line num="6" count="2" type="stmt"/>
          <line num="12" count="2" type="stmt"/>
          <line num="16" count="2" type="stmt"/>
        </file>
        <file name="Modificator.js" path="/var/www/aviasales-test/src/components/UI/Modificator.js">
          <metrics statements="5" coveredstatements="5" conditionals="2" coveredconditionals="2" methods="2" coveredmethods="2"/>
          <line num="5" count="3" type="stmt"/>
          <line num="6" count="4" type="cond" truecount="2" falsecount="0"/>
          <line num="8" count="3" type="stmt"/>
          <line num="16" count="3" type="stmt"/>
          <line num="20" count="3" type="stmt"/>
        </file>
        <file name="StopList.js" path="/var/www/aviasales-test/src/components/UI/StopList.js">
          <metrics statements="12" coveredstatements="7" conditionals="16" coveredconditionals="5" methods="5" coveredmethods="1"/>
          <line num="7" count="2" type="stmt"/>
          <line num="17" count="2" type="stmt"/>
          <line num="18" count="2" type="stmt"/>
          <line num="19" count="2" type="cond" truecount="1" falsecount="1"/>
          <line num="22" count="2" type="stmt"/>
          <line num="38" count="0" type="cond" truecount="0" falsecount="2"/>
          <line num="42" count="0" type="stmt"/>
          <line num="85" count="2" type="stmt"/>
          <line num="91" count="0" type="stmt"/>
          <line num="92" count="0" type="stmt"/>
          <line num="93" count="0" type="stmt"/>
          <line num="96" count="2" type="stmt"/>
        </file>
        <file name="Ticket.js" path="/var/www/aviasales-test/src/components/UI/Ticket.js">
          <metrics statements="6" coveredstatements="3" conditionals="6" coveredconditionals="0" methods="1" coveredmethods="0"/>
          <line num="11" count="2" type="stmt"/>
          <line num="25" count="0" type="stmt"/>
          <line num="26" count="0" type="cond" truecount="0" falsecount="2"/>
          <line num="30" count="0" type="stmt"/>
          <line num="111" count="2" type="stmt"/>
          <line num="130" count="2" type="stmt"/>
        </file>
        <file name="Tickets.js" path="/var/www/aviasales-test/src/components/UI/Tickets.js">
          <metrics statements="4" coveredstatements="4" conditionals="2" coveredconditionals="1" methods="1" coveredmethods="1"/>
          <line num="8" count="2" type="stmt"/>
          <line num="9" count="2" type="cond" truecount="1" falsecount="1"/>
          <line num="31" count="2" type="stmt"/>
          <line num="35" count="2" type="stmt"/>
        </file>
        <file name="TicketsList.js" path="/var/www/aviasales-test/src/components/UI/TicketsList.js">
          <metrics statements="12" coveredstatements="9" conditionals="8" coveredconditionals="5" methods="4" coveredmethods="1"/>
          <line num="7" count="2" type="stmt"/>
          <line num="15" count="2" type="stmt"/>
          <line num="16" count="2" type="stmt"/>
          <line num="17" count="2" type="stmt"/>
          <line num="18" count="2" type="stmt"/>
          <line num="19" count="2" type="stmt"/>
          <line num="20" count="2" type="stmt"/>
          <line num="29" count="0" type="stmt"/>
          <line num="30" count="0" type="stmt"/>
          <line num="32" count="0" type="stmt"/>
          <line num="48" count="2" type="stmt"/>
          <line num="57" count="2" type="stmt"/>
        </file>
      </package>
      <package name="src.helpers">
        <metrics statements="36" coveredstatements="27" conditionals="7" coveredconditionals="7" methods="23" coveredmethods="17"/>
        <file name="dddCapitalize.js" path="/var/www/aviasales-test/src/helpers/dddCapitalize.js">
          <metrics statements="5" coveredstatements="5" conditionals="2" coveredconditionals="2" methods="2" coveredmethods="2"/>
          <line num="1" count="3" type="stmt"/>
          <line num="2" count="2" type="cond" truecount="2" falsecount="0"/>
          <line num="3" count="1" type="stmt"/>
          <line num="8" count="1" type="stmt"/>
          <line num="10" count="1" type="stmt"/>
        </file>
        <file name="fetch.js" path="/var/www/aviasales-test/src/helpers/fetch.js">
          <metrics statements="15" coveredstatements="6" conditionals="0" coveredconditionals="0" methods="10" coveredmethods="4"/>
          <line num="11" count="2" type="stmt"/>
          <line num="12" count="1" type="stmt"/>
          <line num="13" count="1" type="stmt"/>
          <line num="14" count="0" type="stmt"/>
          <line num="16" count="0" type="stmt"/>
          <line num="17" count="0" type="stmt"/>
          <line num="19" count="0" type="stmt"/>
          <line num="22" count="2" type="stmt"/>
          <line num="23" count="1" type="stmt"/>
          <line num="24" count="1" type="stmt"/>
          <line num="25" count="0" type="stmt"/>
          <line num="27" count="0" type="stmt"/>
          <line num="28" count="0" type="stmt"/>
          <line num="29" count="0" type="stmt"/>
          <line num="31" count="0" type="stmt"/>
        </file>
        <file name="fetchStates.js" path="/var/www/aviasales-test/src/helpers/fetchStates.js">
          <metrics statements="4" coveredstatements="4" conditionals="0" coveredconditionals="0" methods="4" coveredmethods="4"/>
          <line num="1" count="41" type="stmt"/>
          <line num="6" count="11" type="stmt"/>
          <line num="11" count="10" type="stmt"/>
          <line num="16" count="9" type="stmt"/>
        </file>
        <file name="getStops.js" path="/var/www/aviasales-test/src/helpers/getStops.js">
          <metrics statements="7" coveredstatements="7" conditionals="2" coveredconditionals="2" methods="4" coveredmethods="4"/>
          <line num="4" count="4" type="stmt"/>
          <line num="5" count="4" type="stmt"/>
          <line num="6" count="40" type="stmt"/>
          <line num="7" count="40" type="cond" truecount="2" falsecount="0"/>
          <line num="12" count="4" type="stmt"/>
          <line num="15" count="4" type="stmt"/>
          <line num="17" count="4" type="stmt"/>
        </file>
        <file name="sort.js" path="/var/www/aviasales-test/src/helpers/sort.js">
          <metrics statements="5" coveredstatements="5" conditionals="3" coveredconditionals="3" methods="3" coveredmethods="3"/>
          <line num="1" count="5" type="stmt"/>
          <line num="2" count="14" type="cond" truecount="3" falsecount="0"/>
          <line num="4" count="52" type="stmt"/>
          <line num="7" count="15" type="stmt"/>
          <line num="10" count="1" type="stmt"/>
        </file>
      </package>
      <package name="src.store">
        <metrics statements="120" coveredstatements="120" conditionals="96" coveredconditionals="96" methods="43" coveredmethods="43"/>
        <file name="actions.js" path="/var/www/aviasales-test/src/store/actions.js">
          <metrics statements="20" coveredstatements="20" conditionals="0" coveredconditionals="0" methods="20" coveredmethods="20"/>
          <line num="5" count="3" type="stmt"/>
          <line num="6" count="3" type="stmt"/>
          <line num="7" count="3" type="stmt"/>
          <line num="9" count="3" type="stmt"/>
          <line num="16" count="3" type="stmt"/>
          <line num="22" count="3" type="stmt"/>
          <line num="27" count="3" type="stmt"/>
          <line num="31" count="3" type="stmt"/>
          <line num="39" count="3" type="stmt"/>
          <line num="40" count="3" type="stmt"/>
          <line num="41" count="3" type="stmt"/>
          <line num="43" count="3" type="stmt"/>
          <line num="48" count="3" type="stmt"/>
          <line num="52" count="3" type="stmt"/>
          <line num="57" count="3" type="stmt"/>
          <line num="62" count="3" type="stmt"/>
          <line num="67" count="3" type="stmt"/>
          <line num="72" count="3" type="stmt"/>
          <line num="77" count="3" type="stmt"/>
          <line num="82" count="3" type="stmt"/>
        </file>
        <file name="constants.js" path="/var/www/aviasales-test/src/store/constants.js">
          <metrics statements="1" coveredstatements="1" conditionals="0" coveredconditionals="0" methods="0" coveredmethods="0"/>
          <line num="1" count="5" type="stmt"/>
        </file>
        <file name="index.js" path="/var/www/aviasales-test/src/store/index.js">
          <metrics statements="6" coveredstatements="6" conditionals="3" coveredconditionals="3" methods="4" coveredmethods="4"/>
          <line num="18" count="3" type="stmt"/>
          <line num="19" count="7" type="stmt"/>
          <line num="20" count="7" type="stmt"/>
          <line num="21" count="7" type="stmt"/>
          <line num="24" count="2" type="cond" truecount="1" falsecount="0"/>
          <line num="25" count="3" type="stmt"/>
        </file>
        <file name="reducers.js" path="/var/www/aviasales-test/src/store/reducers.js">
          <metrics statements="93" coveredstatements="93" conditionals="93" coveredconditionals="93" methods="19" coveredmethods="19"/>
          <line num="11" count="3" type="cond" truecount="2" falsecount="0"/>
          <line num="12" count="38" type="cond" truecount="7" falsecount="0"/>
          <line num="13" count="4" type="stmt"/>
          <line num="14" count="3" type="stmt"/>
          <line num="15" count="3" type="stmt"/>
          <line num="17" count="4" type="stmt"/>
          <line num="18" count="3" type="stmt"/>
          <line num="19" count="3" type="stmt"/>
          <line num="22" count="18" type="stmt"/>
          <line num="26" count="3" type="cond" truecount="2" falsecount="0"/>
          <line num="27" count="18" type="cond" truecount="5" falsecount="0"/>
          <line num="29" count="2" type="stmt"/>
          <line num="35" count="1" type="stmt"/>
          <line num="41" count="1" type="stmt"/>
          <line num="47" count="2" type="stmt"/>
          <line num="54" count="12" type="stmt"/>
          <line num="58" count="3" type="cond" truecount="2" falsecount="0"/>
          <line num="59" count="22" type="stmt"/>
          <line num="60" count="22" type="cond" truecount="2" falsecount="0"/>
          <line num="64" count="22" type="cond" truecount="5" falsecount="0"/>
          <line num="66" count="11" type="stmt"/>
          <line num="67" count="11" type="stmt"/>
          <line num="68" count="23" type="cond" truecount="4" falsecount="0"/>
          <line num="70" count="50" type="stmt"/>
          <line num="76" count="2" type="stmt"/>
          <line num="79" count="4" type="stmt"/>
          <line num="82" count="4" type="stmt"/>
          <line num="83" count="4" type="cond" truecount="2" falsecount="0"/>
          <line num="89" count="1" type="stmt"/>
          <line num="93" count="7" type="stmt"/>
          <line num="95" count="3" type="stmt"/>
          <line num="100" count="3" type="cond" truecount="2" falsecount="0"/>
          <line num="101" count="24" type="cond" truecount="5" falsecount="0"/>
          <line num="103" count="5" type="stmt"/>
          <line num="109" count="1" type="stmt"/>
          <line num="115" count="2" type="stmt"/>
          <line num="121" count="2" type="stmt"/>
          <line num="127" count="14" type="stmt"/>
          <line num="131" count="3" type="cond" truecount="2" falsecount="0"/>
          <line num="132" count="49" type="cond" truecount="3" falsecount="0"/>
          <line num="134" count="2" type="stmt"/>
          <line num="137" count="1" type="stmt"/>
          <line num="140" count="46" type="stmt"/>
          <line num="144" count="3" type="cond" truecount="2" falsecount="0"/>
          <line num="145" count="13" type="cond" truecount="2" falsecount="0"/>
          <line num="147" count="1" type="stmt"/>
          <line num="150" count="12" type="stmt"/>
          <line num="154" count="3" type="cond" truecount="2" falsecount="0"/>
          <line num="155" count="21" type="cond" truecount="7" falsecount="0"/>
          <line num="157" count="2" type="stmt"/>
          <line num="163" count="1" type="stmt"/>
          <line num="169" count="1" type="stmt"/>
          <line num="175" count="1" type="stmt"/>
          <line num="181" count="1" type="stmt"/>
          <line num="187" count="1" type="stmt"/>
          <line num="193" count="14" type="stmt"/>
          <line num="197" count="3" type="cond" truecount="2" falsecount="0"/>
          <line num="198" count="17" type="cond" truecount="2" falsecount="0"/>
          <line num="200" count="3" type="stmt"/>
          <line num="203" count="14" type="stmt"/>
          <line num="207" count="3" type="cond" truecount="2" falsecount="0"/>
          <line num="208" count="23" type="cond" truecount="4" falsecount="0"/>
          <line num="210" count="3" type="stmt"/>
          <line num="213" count="3" type="stmt"/>
          <line num="216" count="9" type="stmt"/>
          <line num="219" count="14" type="stmt"/>
          <line num="223" count="3" type="cond" truecount="2" falsecount="0"/>
          <line num="224" count="19" type="cond" truecount="5" falsecount="0"/>
          <line num="226" count="2" type="stmt"/>
          <line num="232" count="2" type="stmt"/>
          <line num="238" count="2" type="stmt"/>
          <line num="244" count="2" type="stmt"/>
          <line num="250" count="11" type="stmt"/>
          <line num="254" count="3" type="cond" truecount="2" falsecount="0"/>
          <line num="255" count="19" type="cond" truecount="5" falsecount="0"/>
          <line num="257" count="1" type="stmt"/>
          <line num="263" count="1" type="stmt"/>
          <line num="269" count="1" type="stmt"/>
          <line num="275" count="1" type="stmt"/>
          <line num="281" count="15" type="stmt"/>
          <line num="285" count="3" type="cond" truecount="2" falsecount="0"/>
          <line num="286" count="16" type="cond" truecount="3" falsecount="0"/>
          <line num="288" count="2" type="stmt"/>
          <line num="294" count="1" type="stmt"/>
          <line num="300" count="13" type="stmt"/>
          <line num="304" count="3" type="cond" truecount="2" falsecount="0"/>
          <line num="305" count="11" type="cond" truecount="2" falsecount="0"/>
          <line num="307" count="2" type="stmt"/>
          <line num="314" count="9" type="stmt"/>
          <line num="318" count="3" type="cond" truecount="2" falsecount="0"/>
          <line num="319" count="10" type="cond" truecount="2" falsecount="0"/>
          <line num="321" count="1" type="stmt"/>
          <line num="328" count="9" type="stmt"/>
        </file>
      </package>
    </metrics>
  </project>
</coverage>
