{"/var/www/aviasales-test/src/index.js": {"path":"/var/www/aviasales-test/src/index.js","statementMap":{"0":{"start":{"line":9,"column":14},"end":{"line":9,"column":28}},"1":{"start":{"line":11,"column":0},"end":{"line":11,"column":20}},"2":{"start":{"line":12,"column":0},"end":{"line":12,"column":20}},"3":{"start":{"line":14,"column":0},"end":{"line":19,"column":1}},"4":{"start":{"line":24,"column":0},"end":{"line":24,"column":26}}},"fnMap":{},"branchMap":{},"s":{"0":1,"1":1,"2":1,"3":1,"4":1},"f":{},"b":{},"_coverageSchema":"332fd63041d2c1bcb487cc26dd0d5f7d97098a6c","hash":"26aeb8e4605f9d5e392b7d9c278774ecb1796dce"}
,"/var/www/aviasales-test/src/components/App.js": {"path":"/var/www/aviasales-test/src/components/App.js","statementMap":{"0":{"start":{"line":19,"column":2},"end":{"line":19,"column":56}},"1":{"start":{"line":20,"column":18},"end":{"line":20,"column":49}},"2":{"start":{"line":22,"column":2},"end":{"line":23,"column":44}},"3":{"start":{"line":23,"column":3},"end":{"line":23,"column":44}},"4":{"start":{"line":25,"column":2},"end":{"line":26,"column":98}},"5":{"start":{"line":26,"column":3},"end":{"line":26,"column":98}},"6":{"start":{"line":30,"column":2},"end":{"line":30,"column":59}},"7":{"start":{"line":33,"column":29},"end":{"line":33,"column":57}},"8":{"start":{"line":34,"column":2},"end":{"line":56,"column":3}},"9":{"start":{"line":60,"column":0},"end":{"line":74,"column":1}},"10":{"start":{"line":70,"column":21},"end":{"line":70,"column":22}},"11":{"start":{"line":71,"column":20},"end":{"line":71,"column":21}},"12":{"start":{"line":72,"column":25},"end":{"line":72,"column":26}},"13":{"start":{"line":73,"column":27},"end":{"line":73,"column":28}},"14":{"start":{"line":76,"column":0},"end":{"line":84,"column":1}},"15":{"start":{"line":88,"column":3},"end":{"line":90,"column":3}},"16":{"start":{"line":94,"column":18},"end":{"line":94,"column":94}},"17":{"start":{"line":94,"column":30},"end":{"line":94,"column":94}},"18":{"start":{"line":95,"column":35},"end":{"line":95,"column":88}},"19":{"start":{"line":95,"column":47},"end":{"line":95,"column":88}},"20":{"start":{"line":96,"column":37},"end":{"line":96,"column":90}},"21":{"start":{"line":96,"column":49},"end":{"line":96,"column":90}}},"fnMap":{"0":{"name":"(anonymous_0)","decl":{"start":{"line":18,"column":1},"end":{"line":18,"column":2}},"loc":{"start":{"line":18,"column":21},"end":{"line":28,"column":2}},"line":18},"1":{"name":"(anonymous_1)","decl":{"start":{"line":29,"column":1},"end":{"line":29,"column":2}},"loc":{"start":{"line":29,"column":24},"end":{"line":31,"column":2}},"line":29},"2":{"name":"(anonymous_2)","decl":{"start":{"line":32,"column":1},"end":{"line":32,"column":2}},"loc":{"start":{"line":32,"column":10},"end":{"line":57,"column":2}},"line":32},"3":{"name":"(anonymous_3)","decl":{"start":{"line":70,"column":16},"end":{"line":70,"column":17}},"loc":{"start":{"line":70,"column":21},"end":{"line":70,"column":22}},"line":70},"4":{"name":"(anonymous_4)","decl":{"start":{"line":71,"column":15},"end":{"line":71,"column":16}},"loc":{"start":{"line":71,"column":20},"end":{"line":71,"column":21}},"line":71},"5":{"name":"(anonymous_5)","decl":{"start":{"line":72,"column":20},"end":{"line":72,"column":21}},"loc":{"start":{"line":72,"column":25},"end":{"line":72,"column":26}},"line":72},"6":{"name":"(anonymous_6)","decl":{"start":{"line":73,"column":22},"end":{"line":73,"column":23}},"loc":{"start":{"line":73,"column":27},"end":{"line":73,"column":28}},"line":73},"7":{"name":"(anonymous_7)","decl":{"start":{"line":87,"column":1},"end":{"line":87,"column":2}},"loc":{"start":{"line":88,"column":3},"end":{"line":90,"column":3}},"line":88},"8":{"name":"(anonymous_8)","decl":{"start":{"line":94,"column":12},"end":{"line":94,"column":13}},"loc":{"start":{"line":94,"column":18},"end":{"line":94,"column":94}},"line":94},"9":{"name":"(anonymous_9)","decl":{"start":{"line":94,"column":18},"end":{"line":94,"column":19}},"loc":{"start":{"line":94,"column":30},"end":{"line":94,"column":94}},"line":94},"10":{"name":"(anonymous_10)","decl":{"start":{"line":95,"column":21},"end":{"line":95,"column":22}},"loc":{"start":{"line":95,"column":35},"end":{"line":95,"column":88}},"line":95},"11":{"name":"(anonymous_11)","decl":{"start":{"line":95,"column":35},"end":{"line":95,"column":36}},"loc":{"start":{"line":95,"column":47},"end":{"line":95,"column":88}},"line":95},"12":{"name":"(anonymous_12)","decl":{"start":{"line":96,"column":23},"end":{"line":96,"column":24}},"loc":{"start":{"line":96,"column":37},"end":{"line":96,"column":90}},"line":96},"13":{"name":"(anonymous_13)","decl":{"start":{"line":96,"column":37},"end":{"line":96,"column":38}},"loc":{"start":{"line":96,"column":49},"end":{"line":96,"column":90}},"line":96}},"branchMap":{"0":{"loc":{"start":{"line":22,"column":2},"end":{"line":23,"column":44}},"type":"if","locations":[{"start":{"line":22,"column":2},"end":{"line":23,"column":44}},{"start":{"line":22,"column":2},"end":{"line":23,"column":44}}],"line":22},"1":{"loc":{"start":{"line":22,"column":6},"end":{"line":22,"column":60}},"type":"binary-expr","locations":[{"start":{"line":22,"column":6},"end":{"line":22,"column":14}},{"start":{"line":22,"column":18},"end":{"line":22,"column":60}}],"line":22},"2":{"loc":{"start":{"line":25,"column":2},"end":{"line":26,"column":98}},"type":"if","locations":[{"start":{"line":25,"column":2},"end":{"line":26,"column":98}},{"start":{"line":25,"column":2},"end":{"line":26,"column":98}}],"line":25},"3":{"loc":{"start":{"line":25,"column":6},"end":{"line":25,"column":63}},"type":"binary-expr","locations":[{"start":{"line":25,"column":6},"end":{"line":25,"column":14}},{"start":{"line":25,"column":18},"end":{"line":25,"column":63}}],"line":25}},"s":{"0":1,"1":1,"2":1,"3":1,"4":1,"5":1,"6":1,"7":2,"8":2,"9":2,"10":0,"11":0,"12":0,"13":0,"14":2,"15":2,"16":0,"17":0,"18":1,"19":1,"20":0,"21":0},"f":{"0":1,"1":1,"2":2,"3":0,"4":0,"5":0,"6":0,"7":2,"8":0,"9":0,"10":1,"11":1,"12":0,"13":0},"b":{"0":[1,0],"1":[1,1],"2":[1,0],"3":[1,1]},"_coverageSchema":"332fd63041d2c1bcb487cc26dd0d5f7d97098a6c","hash":"2a9521b3a33f1dba2ccca6059daba10455cc8f4c"}
,"/var/www/aviasales-test/src/components/containers.js": {"path":"/var/www/aviasales-test/src/components/containers.js","statementMap":{"0":{"start":{"line":11,"column":21},"end":{"line":39,"column":11}},"1":{"start":{"line":13,"column":3},"end":{"line":17,"column":3}},"2":{"start":{"line":19,"column":3},"end":{"line":38,"column":3}},"3":{"start":{"line":21,"column":23},"end":{"line":21,"column":28}},"4":{"start":{"line":22,"column":18},"end":{"line":22,"column":38}},"5":{"start":{"line":23,"column":24},"end":{"line":23,"column":30}},"6":{"start":{"line":24,"column":4},"end":{"line":24,"column":43}},"7":{"start":{"line":27,"column":23},"end":{"line":27,"column":28}},"8":{"start":{"line":28,"column":24},"end":{"line":28,"column":30}},"9":{"start":{"line":29,"column":18},"end":{"line":29,"column":39}},"10":{"start":{"line":30,"column":4},"end":{"line":30,"column":38}},"11":{"start":{"line":33,"column":23},"end":{"line":33,"column":28}},"12":{"start":{"line":34,"column":24},"end":{"line":34,"column":30}},"13":{"start":{"line":35,"column":22},"end":{"line":35,"column":53}},"14":{"start":{"line":36,"column":4},"end":{"line":36,"column":46}},"15":{"start":{"line":41,"column":20},"end":{"line":44,"column":2}},"16":{"start":{"line":42,"column":1},"end":{"line":44,"column":2}},"17":{"start":{"line":43,"column":2},"end":{"line":43,"column":32}},"18":{"start":{"line":46,"column":26},"end":{"line":80,"column":15}},"19":{"start":{"line":48,"column":19},"end":{"line":48,"column":48}},"20":{"start":{"line":49,"column":18},"end":{"line":67,"column":4}},"21":{"start":{"line":50,"column":16},"end":{"line":50,"column":24}},"22":{"start":{"line":51,"column":18},"end":{"line":51,"column":52}},"23":{"start":{"line":52,"column":26},"end":{"line":52,"column":77}},"24":{"start":{"line":53,"column":20},"end":{"line":61,"column":12}},"25":{"start":{"line":62,"column":3},"end":{"line":66,"column":5}},"26":{"start":{"line":68,"column":2},"end":{"line":71,"column":4}},"27":{"start":{"line":73,"column":14},"end":{"line":79,"column":2}},"28":{"start":{"line":75,"column":22},"end":{"line":75,"column":27}},"29":{"start":{"line":76,"column":21},"end":{"line":76,"column":27}},"30":{"start":{"line":77,"column":3},"end":{"line":77,"column":39}},"31":{"start":{"line":82,"column":36},"end":{"line":91,"column":14}},"32":{"start":{"line":83,"column":11},"end":{"line":89,"column":2}}},"fnMap":{"0":{"name":"(anonymous_0)","decl":{"start":{"line":12,"column":1},"end":{"line":12,"column":2}},"loc":{"start":{"line":13,"column":3},"end":{"line":17,"column":3}},"line":13},"1":{"name":"(anonymous_1)","decl":{"start":{"line":18,"column":1},"end":{"line":18,"column":2}},"loc":{"start":{"line":19,"column":3},"end":{"line":38,"column":3}},"line":19},"2":{"name":"(anonymous_2)","decl":{"start":{"line":41,"column":20},"end":{"line":41,"column":21}},"loc":{"start":{"line":42,"column":1},"end":{"line":44,"column":2}},"line":42},"3":{"name":"(anonymous_3)","decl":{"start":{"line":42,"column":25},"end":{"line":42,"column":26}},"loc":{"start":{"line":43,"column":2},"end":{"line":43,"column":32}},"line":43},"4":{"name":"(anonymous_4)","decl":{"start":{"line":47,"column":1},"end":{"line":47,"column":2}},"loc":{"start":{"line":47,"column":10},"end":{"line":72,"column":2}},"line":47},"5":{"name":"(anonymous_5)","decl":{"start":{"line":49,"column":27},"end":{"line":49,"column":28}},"loc":{"start":{"line":49,"column":39},"end":{"line":67,"column":3}},"line":49},"6":{"name":"(anonymous_6)","decl":{"start":{"line":73,"column":1},"end":{"line":73,"column":2}},"loc":{"start":{"line":73,"column":14},"end":{"line":79,"column":2}},"line":73},"7":{"name":"(anonymous_7)","decl":{"start":{"line":83,"column":1},"end":{"line":83,"column":2}},"loc":{"start":{"line":83,"column":11},"end":{"line":89,"column":2}},"line":83}},"branchMap":{"0":{"loc":{"start":{"line":41,"column":21},"end":{"line":41,"column":31}},"type":"default-arg","locations":[{"start":{"line":41,"column":29},"end":{"line":41,"column":31}}],"line":41},"1":{"loc":{"start":{"line":53,"column":20},"end":{"line":61,"column":12}},"type":"cond-expr","locations":[{"start":{"line":54,"column":6},"end":{"line":54,"column":11}},{"start":{"line":55,"column":6},"end":{"line":61,"column":12}}],"line":53},"2":{"loc":{"start":{"line":55,"column":6},"end":{"line":61,"column":12}},"type":"cond-expr","locations":[{"start":{"line":60,"column":7},"end":{"line":60,"column":11}},{"start":{"line":61,"column":7},"end":{"line":61,"column":12}}],"line":55},"3":{"loc":{"start":{"line":56,"column":5},"end":{"line":58,"column":51}},"type":"binary-expr","locations":[{"start":{"line":56,"column":5},"end":{"line":56,"column":36}},{"start":{"line":57,"column":5},"end":{"line":57,"column":33}},{"start":{"line":58,"column":5},"end":{"line":58,"column":51}}],"line":56}},"s":{"0":2,"1":2,"2":1,"3":0,"4":0,"5":0,"6":0,"7":0,"8":0,"9":0,"10":0,"11":0,"12":0,"13":0,"14":0,"15":2,"16":2,"17":0,"18":2,"19":2,"20":2,"21":6,"22":6,"23":6,"24":6,"25":6,"26":2,"27":1,"28":0,"29":0,"30":0,"31":2,"32":2},"f":{"0":2,"1":1,"2":2,"3":0,"4":2,"5":6,"6":1,"7":2},"b":{"0":[0],"1":[2,4],"2":[4,0],"3":[4,2,2]},"_coverageSchema":"332fd63041d2c1bcb487cc26dd0d5f7d97098a6c","hash":"cd213d908011116ac5b5f09a605eadb0d4a516f3"}
,"/var/www/aviasales-test/src/components/UI/ButtonsGroup.js": {"path":"/var/www/aviasales-test/src/components/UI/ButtonsGroup.js","statementMap":{"0":{"start":{"line":5,"column":21},"end":{"line":48,"column":1}},"1":{"start":{"line":6,"column":20},"end":{"line":6,"column":27}},"2":{"start":{"line":7,"column":1},"end":{"line":47,"column":2}},"3":{"start":{"line":21,"column":51},"end":{"line":21,"column":57}},"4":{"start":{"line":22,"column":8},"end":{"line":40,"column":9}},"5":{"start":{"line":50,"column":0},"end":{"line":56,"column":1}},"6":{"start":{"line":55,"column":15},"end":{"line":55,"column":16}},"7":{"start":{"line":58,"column":0},"end":{"line":64,"column":1}}},"fnMap":{"0":{"name":"(anonymous_0)","decl":{"start":{"line":5,"column":21},"end":{"line":5,"column":22}},"loc":{"start":{"line":5,"column":60},"end":{"line":48,"column":1}},"line":5},"1":{"name":"(anonymous_1)","decl":{"start":{"line":20,"column":19},"end":{"line":20,"column":20}},"loc":{"start":{"line":20,"column":38},"end":{"line":41,"column":8}},"line":20},"2":{"name":"(anonymous_2)","decl":{"start":{"line":55,"column":10},"end":{"line":55,"column":11}},"loc":{"start":{"line":55,"column":15},"end":{"line":55,"column":16}},"line":55}},"branchMap":{"0":{"loc":{"start":{"line":10,"column":4},"end":{"line":14,"column":9}},"type":"cond-expr","locations":[{"start":{"line":11,"column":5},"end":{"line":13,"column":10}},{"start":{"line":14,"column":5},"end":{"line":14,"column":9}}],"line":10},"1":{"loc":{"start":{"line":17,"column":4},"end":{"line":44,"column":9}},"type":"cond-expr","locations":[{"start":{"line":18,"column":5},"end":{"line":43,"column":11}},{"start":{"line":44,"column":5},"end":{"line":44,"column":9}}],"line":17}},"s":{"0":3,"1":5,"2":5,"3":12,"4":12,"5":3,"6":1,"7":3},"f":{"0":5,"1":12,"2":1},"b":{"0":[2,3],"1":[4,1]},"_coverageSchema":"332fd63041d2c1bcb487cc26dd0d5f7d97098a6c","hash":"6fc57aa08bb72cf16ade70bae2c6b1e93f052c2f"}
,"/var/www/aviasales-test/src/components/UI/CurrencySymbol.js": {"path":"/var/www/aviasales-test/src/components/UI/CurrencySymbol.js","statementMap":{"0":{"start":{"line":4,"column":13},"end":{"line":15,"column":1}},"1":{"start":{"line":5,"column":1},"end":{"line":14,"column":2}},"2":{"start":{"line":7,"column":3},"end":{"line":7,"column":13}},"3":{"start":{"line":10,"column":3},"end":{"line":10,"column":13}},"4":{"start":{"line":13,"column":3},"end":{"line":13,"column":13}},"5":{"start":{"line":16,"column":23},"end":{"line":23,"column":1}},"6":{"start":{"line":17,"column":20},"end":{"line":17,"column":34}},"7":{"start":{"line":18,"column":1},"end":{"line":22,"column":2}},"8":{"start":{"line":25,"column":0},"end":{"line":27,"column":1}},"9":{"start":{"line":29,"column":0},"end":{"line":31,"column":1}}},"fnMap":{"0":{"name":"(anonymous_0)","decl":{"start":{"line":4,"column":13},"end":{"line":4,"column":14}},"loc":{"start":{"line":4,"column":25},"end":{"line":15,"column":1}},"line":4},"1":{"name":"(anonymous_1)","decl":{"start":{"line":16,"column":23},"end":{"line":16,"column":24}},"loc":{"start":{"line":16,"column":41},"end":{"line":23,"column":1}},"line":16}},"branchMap":{"0":{"loc":{"start":{"line":5,"column":1},"end":{"line":14,"column":2}},"type":"switch","locations":[{"start":{"line":6,"column":2},"end":{"line":7,"column":13}},{"start":{"line":9,"column":2},"end":{"line":10,"column":13}},{"start":{"line":12,"column":2},"end":{"line":13,"column":13}}],"line":5}},"s":{"0":3,"1":3,"2":1,"3":1,"4":1,"5":3,"6":3,"7":3,"8":3,"9":3},"f":{"0":3,"1":3},"b":{"0":[1,1,1]},"_coverageSchema":"332fd63041d2c1bcb487cc26dd0d5f7d97098a6c","hash":"c5a93badb88f0c89d7e63ffb766c5256d05e3251"}
,"/var/www/aviasales-test/src/components/UI/Filter.js": {"path":"/var/www/aviasales-test/src/components/UI/Filter.js","statementMap":{"0":{"start":{"line":5,"column":15},"end":{"line":18,"column":7}},"1":{"start":{"line":6,"column":1},"end":{"line":18,"column":7}},"2":{"start":{"line":10,"column":5},"end":{"line":12,"column":11}},"3":{"start":{"line":20,"column":0},"end":{"line":22,"column":1}},"4":{"start":{"line":24,"column":0},"end":{"line":30,"column":1}}},"fnMap":{"0":{"name":"(anonymous_0)","decl":{"start":{"line":5,"column":15},"end":{"line":5,"column":16}},"loc":{"start":{"line":6,"column":1},"end":{"line":18,"column":7}},"line":6},"1":{"name":"(anonymous_1)","decl":{"start":{"line":9,"column":17},"end":{"line":9,"column":18}},"loc":{"start":{"line":10,"column":5},"end":{"line":12,"column":11}},"line":10}},"branchMap":{"0":{"loc":{"start":{"line":8,"column":3},"end":{"line":16,"column":10}},"type":"cond-expr","locations":[{"start":{"line":9,"column":4},"end":{"line":13,"column":5}},{"start":{"line":14,"column":4},"end":{"line":16,"column":10}}],"line":8}},"s":{"0":3,"1":4,"2":3,"3":3,"4":3},"f":{"0":4,"1":3},"b":{"0":[1,3]},"_coverageSchema":"332fd63041d2c1bcb487cc26dd0d5f7d97098a6c","hash":"1971cea77777a8541cbdafd77b90fe698c4b8bf0"}
,"/var/www/aviasales-test/src/components/UI/Header.js": {"path":"/var/www/aviasales-test/src/components/UI/Header.js","statementMap":{"0":{"start":{"line":5,"column":15},"end":{"line":23,"column":1}},"1":{"start":{"line":6,"column":19},"end":{"line":8,"column":10}},"2":{"start":{"line":9,"column":1},"end":{"line":22,"column":2}},"3":{"start":{"line":25,"column":0},"end":{"line":29,"column":1}},"4":{"start":{"line":31,"column":0},"end":{"line":39,"column":1}}},"fnMap":{"0":{"name":"(anonymous_0)","decl":{"start":{"line":5,"column":15},"end":{"line":5,"column":16}},"loc":{"start":{"line":5,"column":46},"end":{"line":23,"column":1}},"line":5}},"branchMap":{"0":{"loc":{"start":{"line":6,"column":19},"end":{"line":8,"column":10}},"type":"cond-expr","locations":[{"start":{"line":7,"column":2},"end":{"line":7,"column":19}},{"start":{"line":8,"column":2},"end":{"line":8,"column":10}}],"line":6},"1":{"loc":{"start":{"line":15,"column":4},"end":{"line":19,"column":9}},"type":"cond-expr","locations":[{"start":{"line":16,"column":5},"end":{"line":18,"column":11}},{"start":{"line":19,"column":5},"end":{"line":19,"column":9}}],"line":15}},"s":{"0":2,"1":2,"2":2,"3":2,"4":2},"f":{"0":2},"b":{"0":[2,0],"1":[0,2]},"_coverageSchema":"332fd63041d2c1bcb487cc26dd0d5f7d97098a6c","hash":"80a03408b2a591be5d32dd12e2327c9a6fd40493"}
,"/var/www/aviasales-test/src/components/UI/Loader.js": {"path":"/var/www/aviasales-test/src/components/UI/Loader.js","statementMap":{"0":{"start":{"line":5,"column":15},"end":{"line":10,"column":7}},"1":{"start":{"line":6,"column":1},"end":{"line":10,"column":7}},"2":{"start":{"line":12,"column":0},"end":{"line":14,"column":1}},"3":{"start":{"line":16,"column":0},"end":{"line":22,"column":1}}},"fnMap":{"0":{"name":"(anonymous_0)","decl":{"start":{"line":5,"column":15},"end":{"line":5,"column":16}},"loc":{"start":{"line":6,"column":1},"end":{"line":10,"column":7}},"line":6}},"branchMap":{},"s":{"0":2,"1":2,"2":2,"3":2},"f":{"0":2},"b":{},"_coverageSchema":"332fd63041d2c1bcb487cc26dd0d5f7d97098a6c","hash":"a9f2b0bed58c68705fbd59621494f4bec5e006a4"}
,"/var/www/aviasales-test/src/components/UI/Modificator.js": {"path":"/var/www/aviasales-test/src/components/UI/Modificator.js","statementMap":{"0":{"start":{"line":5,"column":20},"end":{"line":14,"column":8}},"1":{"start":{"line":6,"column":1},"end":{"line":14,"column":8}},"2":{"start":{"line":8,"column":3},"end":{"line":10,"column":9}},"3":{"start":{"line":16,"column":0},"end":{"line":18,"column":1}},"4":{"start":{"line":20,"column":0},"end":{"line":26,"column":1}}},"fnMap":{"0":{"name":"(anonymous_0)","decl":{"start":{"line":5,"column":20},"end":{"line":5,"column":21}},"loc":{"start":{"line":6,"column":1},"end":{"line":14,"column":8}},"line":6},"1":{"name":"(anonymous_1)","decl":{"start":{"line":7,"column":15},"end":{"line":7,"column":16}},"loc":{"start":{"line":8,"column":3},"end":{"line":10,"column":9}},"line":8}},"branchMap":{"0":{"loc":{"start":{"line":6,"column":1},"end":{"line":14,"column":8}},"type":"cond-expr","locations":[{"start":{"line":7,"column":2},"end":{"line":11,"column":3}},{"start":{"line":12,"column":2},"end":{"line":14,"column":8}}],"line":6}},"s":{"0":3,"1":4,"2":3,"3":3,"4":3},"f":{"0":4,"1":3},"b":{"0":[1,3]},"_coverageSchema":"332fd63041d2c1bcb487cc26dd0d5f7d97098a6c","hash":"e5039658b853cae6be9814445f2464bb14583438"}
,"/var/www/aviasales-test/src/components/UI/StopList.js": {"path":"/var/www/aviasales-test/src/components/UI/StopList.js","statementMap":{"0":{"start":{"line":7,"column":18},"end":{"line":83,"column":1}},"1":{"start":{"line":17,"column":16},"end":{"line":17,"column":36}},"2":{"start":{"line":18,"column":20},"end":{"line":18,"column":25}},"3":{"start":{"line":19,"column":20},"end":{"line":21,"column":13}},"4":{"start":{"line":22,"column":1},"end":{"line":82,"column":2}},"5":{"start":{"line":38,"column":22},"end":{"line":40,"column":17}},"6":{"start":{"line":42,"column":9},"end":{"line":75,"column":10}},"7":{"start":{"line":85,"column":0},"end":{"line":94,"column":1}},"8":{"start":{"line":91,"column":14},"end":{"line":91,"column":15}},"9":{"start":{"line":92,"column":14},"end":{"line":92,"column":15}},"10":{"start":{"line":93,"column":18},"end":{"line":93,"column":19}},"11":{"start":{"line":96,"column":0},"end":{"line":105,"column":1}}},"fnMap":{"0":{"name":"(anonymous_0)","decl":{"start":{"line":7,"column":18},"end":{"line":7,"column":19}},"loc":{"start":{"line":16,"column":6},"end":{"line":83,"column":1}},"line":16},"1":{"name":"(anonymous_1)","decl":{"start":{"line":37,"column":19},"end":{"line":37,"column":20}},"loc":{"start":{"line":37,"column":36},"end":{"line":76,"column":9}},"line":37},"2":{"name":"(anonymous_2)","decl":{"start":{"line":91,"column":9},"end":{"line":91,"column":10}},"loc":{"start":{"line":91,"column":14},"end":{"line":91,"column":15}},"line":91},"3":{"name":"(anonymous_3)","decl":{"start":{"line":92,"column":9},"end":{"line":92,"column":10}},"loc":{"start":{"line":92,"column":14},"end":{"line":92,"column":15}},"line":92},"4":{"name":"(anonymous_4)","decl":{"start":{"line":93,"column":13},"end":{"line":93,"column":14}},"loc":{"start":{"line":93,"column":18},"end":{"line":93,"column":19}},"line":93}},"branchMap":{"0":{"loc":{"start":{"line":19,"column":20},"end":{"line":21,"column":13}},"type":"cond-expr","locations":[{"start":{"line":20,"column":2},"end":{"line":20,"column":22}},{"start":{"line":21,"column":2},"end":{"line":21,"column":13}}],"line":19},"1":{"loc":{"start":{"line":25,"column":4},"end":{"line":29,"column":9}},"type":"cond-expr","locations":[{"start":{"line":26,"column":5},"end":{"line":28,"column":10}},{"start":{"line":29,"column":5},"end":{"line":29,"column":9}}],"line":25},"2":{"loc":{"start":{"line":32,"column":4},"end":{"line":79,"column":10}},"type":"cond-expr","locations":[{"start":{"line":33,"column":5},"end":{"line":33,"column":15}},{"start":{"line":34,"column":5},"end":{"line":79,"column":10}}],"line":32},"3":{"loc":{"start":{"line":34,"column":5},"end":{"line":79,"column":10}},"type":"cond-expr","locations":[{"start":{"line":35,"column":6},"end":{"line":78,"column":12}},{"start":{"line":79,"column":6},"end":{"line":79,"column":10}}],"line":34},"4":{"loc":{"start":{"line":38,"column":22},"end":{"line":40,"column":17}},"type":"cond-expr","locations":[{"start":{"line":39,"column":12},"end":{"line":39,"column":92}},{"start":{"line":40,"column":12},"end":{"line":40,"column":17}}],"line":38},"5":{"loc":{"start":{"line":45,"column":12},"end":{"line":49,"column":17}},"type":"cond-expr","locations":[{"start":{"line":46,"column":13},"end":{"line":48,"column":22}},{"start":{"line":49,"column":13},"end":{"line":49,"column":17}}],"line":45},"6":{"loc":{"start":{"line":60,"column":24},"end":{"line":60,"column":51}},"type":"cond-expr","locations":[{"start":{"line":60,"column":32},"end":{"line":60,"column":38}},{"start":{"line":60,"column":41},"end":{"line":60,"column":51}}],"line":60},"7":{"loc":{"start":{"line":63,"column":15},"end":{"line":65,"column":49}},"type":"cond-expr","locations":[{"start":{"line":64,"column":18},"end":{"line":64,"column":46}},{"start":{"line":65,"column":18},"end":{"line":65,"column":49}}],"line":63}},"s":{"0":2,"1":2,"2":2,"3":2,"4":2,"5":0,"6":0,"7":2,"8":0,"9":0,"10":0,"11":2},"f":{"0":2,"1":0,"2":0,"3":0,"4":0},"b":{"0":[2,0],"1":[2,0],"2":[1,1],"3":[0,1],"4":[0,0],"5":[0,0],"6":[0,0],"7":[0,0]},"_coverageSchema":"332fd63041d2c1bcb487cc26dd0d5f7d97098a6c","hash":"fb1df3c1c66223759371b633181bdd948c207f60"}
,"/var/www/aviasales-test/src/components/UI/Ticket.js": {"path":"/var/www/aviasales-test/src/components/UI/Ticket.js","statementMap":{"0":{"start":{"line":11,"column":15},"end":{"line":109,"column":1}},"1":{"start":{"line":25,"column":19},"end":{"line":25,"column":29}},"2":{"start":{"line":26,"column":19},"end":{"line":28,"column":6}},"3":{"start":{"line":30,"column":1},"end":{"line":108,"column":2}},"4":{"start":{"line":111,"column":0},"end":{"line":128,"column":1}},"5":{"start":{"line":130,"column":0},"end":{"line":144,"column":1}}},"fnMap":{"0":{"name":"(anonymous_0)","decl":{"start":{"line":11,"column":15},"end":{"line":11,"column":16}},"loc":{"start":{"line":24,"column":22},"end":{"line":109,"column":1}},"line":24}},"branchMap":{"0":{"loc":{"start":{"line":26,"column":19},"end":{"line":28,"column":6}},"type":"cond-expr","locations":[{"start":{"line":27,"column":4},"end":{"line":27,"column":72}},{"start":{"line":28,"column":4},"end":{"line":28,"column":6}}],"line":26},"1":{"loc":{"start":{"line":31,"column":18},"end":{"line":31,"column":54}},"type":"cond-expr","locations":[{"start":{"line":31,"column":26},"end":{"line":31,"column":43}},{"start":{"line":31,"column":46},"end":{"line":31,"column":54}}],"line":31},"2":{"loc":{"start":{"line":46,"column":23},"end":{"line":46,"column":60}},"type":"cond-expr","locations":[{"start":{"line":46,"column":41},"end":{"line":46,"column":56}},{"start":{"line":46,"column":59},"end":{"line":46,"column":60}}],"line":46}},"s":{"0":2,"1":0,"2":0,"3":0,"4":2,"5":2},"f":{"0":0},"b":{"0":[0,0],"1":[0,0],"2":[0,0]},"_coverageSchema":"332fd63041d2c1bcb487cc26dd0d5f7d97098a6c","hash":"176928f742d9d7e73531acc8ebc4888855e24d5f"}
,"/var/www/aviasales-test/src/components/UI/Tickets.js": {"path":"/var/www/aviasales-test/src/components/UI/Tickets.js","statementMap":{"0":{"start":{"line":8,"column":16},"end":{"line":29,"column":7}},"1":{"start":{"line":9,"column":1},"end":{"line":29,"column":7}},"2":{"start":{"line":31,"column":0},"end":{"line":33,"column":1}},"3":{"start":{"line":35,"column":0},"end":{"line":37,"column":1}}},"fnMap":{"0":{"name":"(anonymous_0)","decl":{"start":{"line":8,"column":16},"end":{"line":8,"column":17}},"loc":{"start":{"line":9,"column":1},"end":{"line":29,"column":7}},"line":9}},"branchMap":{"0":{"loc":{"start":{"line":9,"column":17},"end":{"line":9,"column":55}},"type":"cond-expr","locations":[{"start":{"line":9,"column":25},"end":{"line":9,"column":43}},{"start":{"line":9,"column":46},"end":{"line":9,"column":55}}],"line":9}},"s":{"0":2,"1":2,"2":2,"3":2},"f":{"0":2},"b":{"0":[2,0]},"_coverageSchema":"332fd63041d2c1bcb487cc26dd0d5f7d97098a6c","hash":"a8df4e4ff4958e8ef01f4fd7c3d54bea3b536e99"}
,"/var/www/aviasales-test/src/components/UI/TicketsList.js": {"path":"/var/www/aviasales-test/src/components/UI/TicketsList.js","statementMap":{"0":{"start":{"line":7,"column":20},"end":{"line":46,"column":1}},"1":{"start":{"line":15,"column":18},"end":{"line":15,"column":25}},"2":{"start":{"line":16,"column":22},"end":{"line":16,"column":35}},"3":{"start":{"line":17,"column":19},"end":{"line":17,"column":32}},"4":{"start":{"line":18,"column":22},"end":{"line":18,"column":45}},"5":{"start":{"line":19,"column":19},"end":{"line":19,"column":26}},"6":{"start":{"line":20,"column":1},"end":{"line":45,"column":2}},"7":{"start":{"line":29,"column":26},"end":{"line":29,"column":60}},"8":{"start":{"line":30,"column":24},"end":{"line":30,"column":41}},"9":{"start":{"line":32,"column":8},"end":{"line":40,"column":9}},"10":{"start":{"line":48,"column":0},"end":{"line":55,"column":1}},"11":{"start":{"line":57,"column":0},"end":{"line":64,"column":1}}},"fnMap":{"0":{"name":"(anonymous_0)","decl":{"start":{"line":7,"column":20},"end":{"line":7,"column":21}},"loc":{"start":{"line":14,"column":7},"end":{"line":46,"column":1}},"line":14},"1":{"name":"(anonymous_1)","decl":{"start":{"line":29,"column":16},"end":{"line":29,"column":17}},"loc":{"start":{"line":29,"column":26},"end":{"line":29,"column":60}},"line":29},"2":{"name":"(anonymous_2)","decl":{"start":{"line":30,"column":14},"end":{"line":30,"column":15}},"loc":{"start":{"line":30,"column":24},"end":{"line":30,"column":41}},"line":30},"3":{"name":"(anonymous_3)","decl":{"start":{"line":31,"column":13},"end":{"line":31,"column":14}},"loc":{"start":{"line":31,"column":32},"end":{"line":41,"column":8}},"line":31}},"branchMap":{"0":{"loc":{"start":{"line":21,"column":18},"end":{"line":21,"column":66}},"type":"cond-expr","locations":[{"start":{"line":21,"column":26},"end":{"line":21,"column":49}},{"start":{"line":21,"column":52},"end":{"line":21,"column":66}}],"line":21},"1":{"loc":{"start":{"line":23,"column":4},"end":{"line":42,"column":13}},"type":"cond-expr","locations":[{"start":{"line":24,"column":7},"end":{"line":24,"column":37}},{"start":{"line":25,"column":7},"end":{"line":42,"column":13}}],"line":23},"2":{"loc":{"start":{"line":25,"column":7},"end":{"line":42,"column":13}},"type":"cond-expr","locations":[{"start":{"line":26,"column":8},"end":{"line":26,"column":32}},{"start":{"line":27,"column":8},"end":{"line":42,"column":13}}],"line":25},"3":{"loc":{"start":{"line":27,"column":8},"end":{"line":42,"column":13}},"type":"cond-expr","locations":[{"start":{"line":28,"column":9},"end":{"line":41,"column":9}},{"start":{"line":42,"column":9},"end":{"line":42,"column":13}}],"line":27}},"s":{"0":2,"1":2,"2":2,"3":2,"4":2,"5":2,"6":2,"7":0,"8":0,"9":0,"10":2,"11":2},"f":{"0":2,"1":0,"2":0,"3":0},"b":{"0":[2,0],"1":[0,2],"2":[1,1],"3":[1,0]},"_coverageSchema":"332fd63041d2c1bcb487cc26dd0d5f7d97098a6c","hash":"4f8a2abaf34981ee8eba507b400c42b2a388fe89"}
,"/var/www/aviasales-test/src/helpers/dddCapitalize.js": {"path":"/var/www/aviasales-test/src/helpers/dddCapitalize.js","statementMap":{"0":{"start":{"line":1,"column":22},"end":{"line":11,"column":1}},"1":{"start":{"line":2,"column":1},"end":{"line":9,"column":2}},"2":{"start":{"line":3,"column":17},"end":{"line":6,"column":36}},"3":{"start":{"line":3,"column":68},"end":{"line":6,"column":35}},"4":{"start":{"line":8,"column":2},"end":{"line":8,"column":16}},"5":{"start":{"line":10,"column":1},"end":{"line":10,"column":11}}},"fnMap":{"0":{"name":"(anonymous_0)","decl":{"start":{"line":1,"column":22},"end":{"line":1,"column":23}},"loc":{"start":{"line":1,"column":29},"end":{"line":11,"column":1}},"line":1},"1":{"name":"(anonymous_1)","decl":{"start":{"line":3,"column":58},"end":{"line":3,"column":59}},"loc":{"start":{"line":3,"column":68},"end":{"line":6,"column":35}},"line":3}},"branchMap":{"0":{"loc":{"start":{"line":2,"column":1},"end":{"line":9,"column":2}},"type":"if","locations":[{"start":{"line":2,"column":1},"end":{"line":9,"column":2}},{"start":{"line":2,"column":1},"end":{"line":9,"column":2}}],"line":2}},"s":{"0":3,"1":2,"2":1,"3":1,"4":1,"5":1},"f":{"0":2,"1":1},"b":{"0":[1,1]},"_coverageSchema":"332fd63041d2c1bcb487cc26dd0d5f7d97098a6c","hash":"3a1be84ca29382c8f96205b0660d357bfee0822d"}
,"/var/www/aviasales-test/src/helpers/fetch.js": {"path":"/var/www/aviasales-test/src/helpers/fetch.js","statementMap":{"0":{"start":{"line":11,"column":28},"end":{"line":20,"column":1}},"1":{"start":{"line":11,"column":35},"end":{"line":20,"column":1}},"2":{"start":{"line":12,"column":1},"end":{"line":12,"column":30}},"3":{"start":{"line":13,"column":1},"end":{"line":19,"column":45}},"4":{"start":{"line":14,"column":20},"end":{"line":14,"column":35}},"5":{"start":{"line":16,"column":3},"end":{"line":16,"column":34}},"6":{"start":{"line":17,"column":3},"end":{"line":17,"column":32}},"7":{"start":{"line":19,"column":15},"end":{"line":19,"column":44}},"8":{"start":{"line":22,"column":29},"end":{"line":32,"column":1}},"9":{"start":{"line":22,"column":36},"end":{"line":32,"column":1}},"10":{"start":{"line":23,"column":1},"end":{"line":23,"column":31}},"11":{"start":{"line":24,"column":1},"end":{"line":31,"column":46}},"12":{"start":{"line":25,"column":20},"end":{"line":25,"column":35}},"13":{"start":{"line":27,"column":21},"end":{"line":27,"column":29}},"14":{"start":{"line":28,"column":3},"end":{"line":28,"column":35}},"15":{"start":{"line":29,"column":3},"end":{"line":29,"column":36}},"16":{"start":{"line":31,"column":15},"end":{"line":31,"column":45}}},"fnMap":{"0":{"name":"(anonymous_0)","decl":{"start":{"line":11,"column":28},"end":{"line":11,"column":29}},"loc":{"start":{"line":11,"column":35},"end":{"line":20,"column":1}},"line":11},"1":{"name":"(anonymous_1)","decl":{"start":{"line":11,"column":35},"end":{"line":11,"column":36}},"loc":{"start":{"line":11,"column":47},"end":{"line":20,"column":1}},"line":11},"2":{"name":"(anonymous_2)","decl":{"start":{"line":14,"column":8},"end":{"line":14,"column":9}},"loc":{"start":{"line":14,"column":20},"end":{"line":14,"column":35}},"line":14},"3":{"name":"(anonymous_3)","decl":{"start":{"line":15,"column":8},"end":{"line":15,"column":9}},"loc":{"start":{"line":15,"column":19},"end":{"line":18,"column":3}},"line":15},"4":{"name":"(anonymous_4)","decl":{"start":{"line":19,"column":9},"end":{"line":19,"column":10}},"loc":{"start":{"line":19,"column":15},"end":{"line":19,"column":44}},"line":19},"5":{"name":"(anonymous_5)","decl":{"start":{"line":22,"column":29},"end":{"line":22,"column":30}},"loc":{"start":{"line":22,"column":36},"end":{"line":32,"column":1}},"line":22},"6":{"name":"(anonymous_6)","decl":{"start":{"line":22,"column":36},"end":{"line":22,"column":37}},"loc":{"start":{"line":22,"column":48},"end":{"line":32,"column":1}},"line":22},"7":{"name":"(anonymous_7)","decl":{"start":{"line":25,"column":8},"end":{"line":25,"column":9}},"loc":{"start":{"line":25,"column":20},"end":{"line":25,"column":35}},"line":25},"8":{"name":"(anonymous_8)","decl":{"start":{"line":26,"column":8},"end":{"line":26,"column":9}},"loc":{"start":{"line":26,"column":20},"end":{"line":30,"column":3}},"line":26},"9":{"name":"(anonymous_9)","decl":{"start":{"line":31,"column":9},"end":{"line":31,"column":10}},"loc":{"start":{"line":31,"column":15},"end":{"line":31,"column":45}},"line":31}},"branchMap":{},"s":{"0":2,"1":1,"2":1,"3":1,"4":0,"5":0,"6":0,"7":0,"8":2,"9":1,"10":1,"11":1,"12":0,"13":0,"14":0,"15":0,"16":0},"f":{"0":1,"1":1,"2":0,"3":0,"4":0,"5":1,"6":1,"7":0,"8":0,"9":0},"b":{},"_coverageSchema":"332fd63041d2c1bcb487cc26dd0d5f7d97098a6c","hash":"60c021d7273aabacdcac5cf940b4794e27f89078"}
,"/var/www/aviasales-test/src/helpers/fetchStates.js": {"path":"/var/www/aviasales-test/src/helpers/fetchStates.js","statementMap":{"0":{"start":{"line":1,"column":33},"end":{"line":5,"column":2}},"1":{"start":{"line":1,"column":40},"end":{"line":5,"column":1}},"2":{"start":{"line":6,"column":31},"end":{"line":10,"column":2}},"3":{"start":{"line":6,"column":38},"end":{"line":10,"column":1}},"4":{"start":{"line":11,"column":33},"end":{"line":15,"column":2}},"5":{"start":{"line":11,"column":40},"end":{"line":15,"column":1}},"6":{"start":{"line":16,"column":31},"end":{"line":20,"column":2}},"7":{"start":{"line":16,"column":38},"end":{"line":20,"column":1}}},"fnMap":{"0":{"name":"(anonymous_0)","decl":{"start":{"line":1,"column":33},"end":{"line":1,"column":34}},"loc":{"start":{"line":1,"column":40},"end":{"line":5,"column":1}},"line":1},"1":{"name":"(anonymous_1)","decl":{"start":{"line":6,"column":31},"end":{"line":6,"column":32}},"loc":{"start":{"line":6,"column":38},"end":{"line":10,"column":1}},"line":6},"2":{"name":"(anonymous_2)","decl":{"start":{"line":11,"column":33},"end":{"line":11,"column":34}},"loc":{"start":{"line":11,"column":40},"end":{"line":15,"column":1}},"line":11},"3":{"name":"(anonymous_3)","decl":{"start":{"line":16,"column":31},"end":{"line":16,"column":32}},"loc":{"start":{"line":16,"column":38},"end":{"line":20,"column":1}},"line":16}},"branchMap":{},"s":{"0":4,"1":41,"2":4,"3":11,"4":4,"5":10,"6":4,"7":9},"f":{"0":41,"1":11,"2":10,"3":9},"b":{},"_coverageSchema":"332fd63041d2c1bcb487cc26dd0d5f7d97098a6c","hash":"275db54354ae7ecae0461a8336902c49343f534b"}
,"/var/www/aviasales-test/src/helpers/getStops.js": {"path":"/var/www/aviasales-test/src/helpers/getStops.js","statementMap":{"0":{"start":{"line":4,"column":25},"end":{"line":13,"column":1}},"1":{"start":{"line":5,"column":16},"end":{"line":10,"column":7}},"2":{"start":{"line":6,"column":20},"end":{"line":6,"column":26}},"3":{"start":{"line":7,"column":2},"end":{"line":9,"column":10}},"4":{"start":{"line":12,"column":1},"end":{"line":12,"column":14}},"5":{"start":{"line":15,"column":34},"end":{"line":15,"column":92}},"6":{"start":{"line":15,"column":47},"end":{"line":15,"column":92}},"7":{"start":{"line":15,"column":56},"end":{"line":15,"column":92}},"8":{"start":{"line":17,"column":28},"end":{"line":20,"column":1}}},"fnMap":{"0":{"name":"(anonymous_0)","decl":{"start":{"line":4,"column":25},"end":{"line":4,"column":26}},"loc":{"start":{"line":4,"column":36},"end":{"line":13,"column":1}},"line":4},"1":{"name":"(anonymous_1)","decl":{"start":{"line":5,"column":31},"end":{"line":5,"column":32}},"loc":{"start":{"line":5,"column":52},"end":{"line":10,"column":2}},"line":5},"2":{"name":"(anonymous_2)","decl":{"start":{"line":15,"column":34},"end":{"line":15,"column":35}},"loc":{"start":{"line":15,"column":47},"end":{"line":15,"column":92}},"line":15},"3":{"name":"(anonymous_3)","decl":{"start":{"line":15,"column":47},"end":{"line":15,"column":48}},"loc":{"start":{"line":15,"column":56},"end":{"line":15,"column":92}},"line":15}},"branchMap":{"0":{"loc":{"start":{"line":7,"column":9},"end":{"line":9,"column":10}},"type":"cond-expr","locations":[{"start":{"line":8,"column":3},"end":{"line":8,"column":22}},{"start":{"line":9,"column":3},"end":{"line":9,"column":10}}],"line":7}},"s":{"0":4,"1":4,"2":40,"3":40,"4":4,"5":4,"6":4,"7":4,"8":4},"f":{"0":4,"1":40,"2":4,"3":4},"b":{"0":[16,24]},"_coverageSchema":"332fd63041d2c1bcb487cc26dd0d5f7d97098a6c","hash":"4ef76cdb6e83d9bde5d2d4cd926e4d984c5a1c11"}
,"/var/www/aviasales-test/src/helpers/sort.js": {"path":"/var/www/aviasales-test/src/helpers/sort.js","statementMap":{"0":{"start":{"line":1,"column":34},"end":{"line":12,"column":1}},"1":{"start":{"line":2,"column":1},"end":{"line":11,"column":2}},"2":{"start":{"line":4,"column":3},"end":{"line":4,"column":42}},"3":{"start":{"line":4,"column":36},"end":{"line":4,"column":41}},"4":{"start":{"line":7,"column":3},"end":{"line":7,"column":42}},"5":{"start":{"line":7,"column":36},"end":{"line":7,"column":41}},"6":{"start":{"line":10,"column":3},"end":{"line":10,"column":15}}},"fnMap":{"0":{"name":"(anonymous_0)","decl":{"start":{"line":1,"column":34},"end":{"line":1,"column":35}},"loc":{"start":{"line":1,"column":56},"end":{"line":12,"column":1}},"line":1},"1":{"name":"(anonymous_1)","decl":{"start":{"line":4,"column":26},"end":{"line":4,"column":27}},"loc":{"start":{"line":4,"column":36},"end":{"line":4,"column":41}},"line":4},"2":{"name":"(anonymous_2)","decl":{"start":{"line":7,"column":26},"end":{"line":7,"column":27}},"loc":{"start":{"line":7,"column":36},"end":{"line":7,"column":41}},"line":7}},"branchMap":{"0":{"loc":{"start":{"line":2,"column":1},"end":{"line":11,"column":2}},"type":"switch","locations":[{"start":{"line":3,"column":2},"end":{"line":4,"column":42}},{"start":{"line":6,"column":2},"end":{"line":7,"column":42}},{"start":{"line":9,"column":2},"end":{"line":10,"column":15}}],"line":2}},"s":{"0":5,"1":14,"2":12,"3":52,"4":1,"5":15,"6":1},"f":{"0":14,"1":52,"2":15},"b":{"0":[12,1,1]},"_coverageSchema":"332fd63041d2c1bcb487cc26dd0d5f7d97098a6c","hash":"d03b9276b9cae68579e88e8cfbc864334d5e0bc3"}
,"/var/www/aviasales-test/src/store/actions.js": {"path":"/var/www/aviasales-test/src/store/actions.js","statementMap":{"0":{"start":{"line":5,"column":33},"end":{"line":5,"column":74}},"1":{"start":{"line":5,"column":42},"end":{"line":5,"column":73}},"2":{"start":{"line":6,"column":35},"end":{"line":6,"column":76}},"3":{"start":{"line":6,"column":42},"end":{"line":6,"column":75}},"4":{"start":{"line":7,"column":33},"end":{"line":7,"column":74}},"5":{"start":{"line":7,"column":42},"end":{"line":7,"column":73}},"6":{"start":{"line":9,"column":26},"end":{"line":12,"column":2}},"7":{"start":{"line":9,"column":38},"end":{"line":12,"column":1}},"8":{"start":{"line":16,"column":29},"end":{"line":20,"column":2}},"9":{"start":{"line":16,"column":50},"end":{"line":20,"column":1}},"10":{"start":{"line":22,"column":33},"end":{"line":25,"column":2}},"11":{"start":{"line":22,"column":45},"end":{"line":25,"column":1}},"12":{"start":{"line":27,"column":36},"end":{"line":29,"column":2}},"13":{"start":{"line":27,"column":43},"end":{"line":29,"column":1}},"14":{"start":{"line":31,"column":32},"end":{"line":35,"column":2}},"15":{"start":{"line":31,"column":53},"end":{"line":35,"column":1}},"16":{"start":{"line":39,"column":34},"end":{"line":39,"column":76}},"17":{"start":{"line":39,"column":43},"end":{"line":39,"column":75}},"18":{"start":{"line":40,"column":36},"end":{"line":40,"column":78}},"19":{"start":{"line":40,"column":43},"end":{"line":40,"column":77}},"20":{"start":{"line":41,"column":34},"end":{"line":41,"column":76}},"21":{"start":{"line":41,"column":43},"end":{"line":41,"column":75}},"22":{"start":{"line":43,"column":32},"end":{"line":46,"column":2}},"23":{"start":{"line":43,"column":44},"end":{"line":46,"column":1}},"24":{"start":{"line":48,"column":34},"end":{"line":50,"column":2}},"25":{"start":{"line":48,"column":41},"end":{"line":50,"column":1}},"26":{"start":{"line":52,"column":31},"end":{"line":55,"column":2}},"27":{"start":{"line":52,"column":40},"end":{"line":55,"column":1}},"28":{"start":{"line":57,"column":35},"end":{"line":60,"column":2}},"29":{"start":{"line":57,"column":48},"end":{"line":60,"column":1}},"30":{"start":{"line":62,"column":39},"end":{"line":65,"column":2}},"31":{"start":{"line":62,"column":52},"end":{"line":65,"column":1}},"32":{"start":{"line":67,"column":36},"end":{"line":70,"column":2}},"33":{"start":{"line":67,"column":51},"end":{"line":70,"column":1}},"34":{"start":{"line":72,"column":35},"end":{"line":75,"column":2}},"35":{"start":{"line":72,"column":48},"end":{"line":75,"column":1}},"36":{"start":{"line":77,"column":35},"end":{"line":80,"column":2}},"37":{"start":{"line":77,"column":50},"end":{"line":80,"column":1}},"38":{"start":{"line":82,"column":35},"end":{"line":85,"column":2}},"39":{"start":{"line":82,"column":50},"end":{"line":85,"column":1}}},"fnMap":{"0":{"name":"(anonymous_0)","decl":{"start":{"line":5,"column":33},"end":{"line":5,"column":34}},"loc":{"start":{"line":5,"column":42},"end":{"line":5,"column":73}},"line":5},"1":{"name":"(anonymous_1)","decl":{"start":{"line":6,"column":35},"end":{"line":6,"column":36}},"loc":{"start":{"line":6,"column":42},"end":{"line":6,"column":75}},"line":6},"2":{"name":"(anonymous_2)","decl":{"start":{"line":7,"column":33},"end":{"line":7,"column":34}},"loc":{"start":{"line":7,"column":42},"end":{"line":7,"column":73}},"line":7},"3":{"name":"(anonymous_3)","decl":{"start":{"line":9,"column":26},"end":{"line":9,"column":27}},"loc":{"start":{"line":9,"column":38},"end":{"line":12,"column":1}},"line":9},"4":{"name":"(anonymous_4)","decl":{"start":{"line":16,"column":29},"end":{"line":16,"column":30}},"loc":{"start":{"line":16,"column":50},"end":{"line":20,"column":1}},"line":16},"5":{"name":"(anonymous_5)","decl":{"start":{"line":22,"column":33},"end":{"line":22,"column":34}},"loc":{"start":{"line":22,"column":45},"end":{"line":25,"column":1}},"line":22},"6":{"name":"(anonymous_6)","decl":{"start":{"line":27,"column":36},"end":{"line":27,"column":37}},"loc":{"start":{"line":27,"column":43},"end":{"line":29,"column":1}},"line":27},"7":{"name":"(anonymous_7)","decl":{"start":{"line":31,"column":32},"end":{"line":31,"column":33}},"loc":{"start":{"line":31,"column":53},"end":{"line":35,"column":1}},"line":31},"8":{"name":"(anonymous_8)","decl":{"start":{"line":39,"column":34},"end":{"line":39,"column":35}},"loc":{"start":{"line":39,"column":43},"end":{"line":39,"column":75}},"line":39},"9":{"name":"(anonymous_9)","decl":{"start":{"line":40,"column":36},"end":{"line":40,"column":37}},"loc":{"start":{"line":40,"column":43},"end":{"line":40,"column":77}},"line":40},"10":{"name":"(anonymous_10)","decl":{"start":{"line":41,"column":34},"end":{"line":41,"column":35}},"loc":{"start":{"line":41,"column":43},"end":{"line":41,"column":75}},"line":41},"11":{"name":"(anonymous_11)","decl":{"start":{"line":43,"column":32},"end":{"line":43,"column":33}},"loc":{"start":{"line":43,"column":44},"end":{"line":46,"column":1}},"line":43},"12":{"name":"(anonymous_12)","decl":{"start":{"line":48,"column":34},"end":{"line":48,"column":35}},"loc":{"start":{"line":48,"column":41},"end":{"line":50,"column":1}},"line":48},"13":{"name":"(anonymous_13)","decl":{"start":{"line":52,"column":31},"end":{"line":52,"column":32}},"loc":{"start":{"line":52,"column":40},"end":{"line":55,"column":1}},"line":52},"14":{"name":"(anonymous_14)","decl":{"start":{"line":57,"column":35},"end":{"line":57,"column":36}},"loc":{"start":{"line":57,"column":48},"end":{"line":60,"column":1}},"line":57},"15":{"name":"(anonymous_15)","decl":{"start":{"line":62,"column":39},"end":{"line":62,"column":40}},"loc":{"start":{"line":62,"column":52},"end":{"line":65,"column":1}},"line":62},"16":{"name":"(anonymous_16)","decl":{"start":{"line":67,"column":36},"end":{"line":67,"column":37}},"loc":{"start":{"line":67,"column":51},"end":{"line":70,"column":1}},"line":67},"17":{"name":"(anonymous_17)","decl":{"start":{"line":72,"column":35},"end":{"line":72,"column":36}},"loc":{"start":{"line":72,"column":48},"end":{"line":75,"column":1}},"line":72},"18":{"name":"(anonymous_18)","decl":{"start":{"line":77,"column":35},"end":{"line":77,"column":36}},"loc":{"start":{"line":77,"column":50},"end":{"line":80,"column":1}},"line":77},"19":{"name":"(anonymous_19)","decl":{"start":{"line":82,"column":35},"end":{"line":82,"column":36}},"loc":{"start":{"line":82,"column":50},"end":{"line":85,"column":1}},"line":82}},"branchMap":{},"s":{"0":3,"1":2,"2":3,"3":1,"4":3,"5":1,"6":3,"7":1,"8":3,"9":3,"10":3,"11":3,"12":3,"13":1,"14":3,"15":3,"16":3,"17":2,"18":3,"19":1,"20":3,"21":1,"22":3,"23":1,"24":3,"25":1,"26":3,"27":1,"28":3,"29":1,"30":3,"31":1,"32":3,"33":1,"34":3,"35":1,"36":3,"37":2,"38":3,"39":1},"f":{"0":2,"1":1,"2":1,"3":1,"4":3,"5":3,"6":1,"7":3,"8":2,"9":1,"10":1,"11":1,"12":1,"13":1,"14":1,"15":1,"16":1,"17":1,"18":2,"19":1},"b":{},"_coverageSchema":"332fd63041d2c1bcb487cc26dd0d5f7d97098a6c","hash":"86c21292f19b79521a925f06f19160ddaa36e04c"}
,"/var/www/aviasales-test/src/store/constants.js": {"path":"/var/www/aviasales-test/src/store/constants.js","statementMap":{"0":{"start":{"line":1,"column":18},"end":{"line":28,"column":1}}},"fnMap":{},"branchMap":{},"s":{"0":5},"f":{},"b":{},"_coverageSchema":"332fd63041d2c1bcb487cc26dd0d5f7d97098a6c","hash":"6d04070ee76c70ed0f63a9de734db8ed99e04996"}
,"/var/www/aviasales-test/src/store/index.js": {"path":"/var/www/aviasales-test/src/store/index.js","statementMap":{"0":{"start":{"line":19,"column":14},"end":{"line":23,"column":1}},"1":{"start":{"line":19,"column":23},"end":{"line":23,"column":1}},"2":{"start":{"line":19,"column":31},"end":{"line":23,"column":1}},"3":{"start":{"line":20,"column":14},"end":{"line":20,"column":26}},"4":{"start":{"line":21,"column":1},"end":{"line":21,"column":67}},"5":{"start":{"line":22,"column":1},"end":{"line":22,"column":14}},"6":{"start":{"line":25,"column":21},"end":{"line":31,"column":2}},"7":{"start":{"line":26,"column":1},"end":{"line":31,"column":2}}},"fnMap":{"0":{"name":"(anonymous_0)","decl":{"start":{"line":19,"column":14},"end":{"line":19,"column":15}},"loc":{"start":{"line":19,"column":23},"end":{"line":23,"column":1}},"line":19},"1":{"name":"(anonymous_1)","decl":{"start":{"line":19,"column":23},"end":{"line":19,"column":24}},"loc":{"start":{"line":19,"column":31},"end":{"line":23,"column":1}},"line":19},"2":{"name":"(anonymous_2)","decl":{"start":{"line":19,"column":31},"end":{"line":19,"column":32}},"loc":{"start":{"line":19,"column":41},"end":{"line":23,"column":1}},"line":19},"3":{"name":"(anonymous_3)","decl":{"start":{"line":25,"column":21},"end":{"line":25,"column":22}},"loc":{"start":{"line":26,"column":1},"end":{"line":31,"column":2}},"line":26}},"branchMap":{"0":{"loc":{"start":{"line":25,"column":22},"end":{"line":25,"column":46}},"type":"default-arg","locations":[{"start":{"line":25,"column":37},"end":{"line":25,"column":46}}],"line":25},"1":{"loc":{"start":{"line":28,"column":2},"end":{"line":30,"column":15}},"type":"cond-expr","locations":[{"start":{"line":29,"column":3},"end":{"line":29,"column":46}},{"start":{"line":30,"column":3},"end":{"line":30,"column":15}}],"line":28}},"s":{"0":2,"1":3,"2":3,"3":7,"4":7,"5":7,"6":2,"7":3},"f":{"0":3,"1":3,"2":7,"3":3},"b":{"0":[2],"1":[2,1]},"_coverageSchema":"332fd63041d2c1bcb487cc26dd0d5f7d97098a6c","hash":"aeab7d6be78c15a7600865d93690e7fef7e8d694"}
,"/var/www/aviasales-test/src/store/reducers.js": {"path":"/var/www/aviasales-test/src/store/reducers.js","statementMap":{"0":{"start":{"line":11,"column":21},"end":{"line":24,"column":1}},"1":{"start":{"line":12,"column":1},"end":{"line":23,"column":2}},"2":{"start":{"line":13,"column":33},"end":{"line":13,"column":57}},"3":{"start":{"line":14,"column":33},"end":{"line":14,"column":59}},"4":{"start":{"line":15,"column":33},"end":{"line":15,"column":57}},"5":{"start":{"line":17,"column":33},"end":{"line":17,"column":57}},"6":{"start":{"line":18,"column":33},"end":{"line":18,"column":59}},"7":{"start":{"line":19,"column":33},"end":{"line":19,"column":57}},"8":{"start":{"line":22,"column":3},"end":{"line":22,"column":15}},"9":{"start":{"line":26,"column":23},"end":{"line":56,"column":1}},"10":{"start":{"line":27,"column":1},"end":{"line":55,"column":2}},"11":{"start":{"line":29,"column":3},"end":{"line":32,"column":4}},"12":{"start":{"line":35,"column":3},"end":{"line":38,"column":4}},"13":{"start":{"line":41,"column":3},"end":{"line":44,"column":4}},"14":{"start":{"line":47,"column":3},"end":{"line":51,"column":4}},"15":{"start":{"line":54,"column":3},"end":{"line":54,"column":15}},"16":{"start":{"line":58,"column":27},"end":{"line":91,"column":1}},"17":{"start":{"line":59,"column":17},"end":{"line":59,"column":23}},"18":{"start":{"line":60,"column":1},"end":{"line":62,"column":13}},"19":{"start":{"line":64,"column":1},"end":{"line":90,"column":2}},"20":{"start":{"line":66,"column":23},"end":{"line":66,"column":29}},"21":{"start":{"line":67,"column":3},"end":{"line":72,"column":12}},"22":{"start":{"line":68,"column":4},"end":{"line":70,"column":46}},"23":{"start":{"line":70,"column":31},"end":{"line":70,"column":45}},"24":{"start":{"line":76,"column":3},"end":{"line":76,"column":17}},"25":{"start":{"line":79,"column":3},"end":{"line":79,"column":15}},"26":{"start":{"line":82,"column":23},"end":{"line":82,"column":29}},"27":{"start":{"line":83,"column":3},"end":{"line":85,"column":8}},"28":{"start":{"line":89,"column":3},"end":{"line":89,"column":15}},"29":{"start":{"line":93,"column":34},"end":{"line":93,"column":92}},"30":{"start":{"line":93,"column":47},"end":{"line":93,"column":92}},"31":{"start":{"line":93,"column":56},"end":{"line":93,"column":92}},"32":{"start":{"line":95,"column":28},"end":{"line":98,"column":1}},"33":{"start":{"line":100,"column":23},"end":{"line":129,"column":1}},"34":{"start":{"line":101,"column":1},"end":{"line":128,"column":2}},"35":{"start":{"line":103,"column":3},"end":{"line":106,"column":4}},"36":{"start":{"line":109,"column":3},"end":{"line":112,"column":4}},"37":{"start":{"line":115,"column":3},"end":{"line":118,"column":4}},"38":{"start":{"line":121,"column":3},"end":{"line":124,"column":4}},"39":{"start":{"line":127,"column":3},"end":{"line":127,"column":15}},"40":{"start":{"line":131,"column":28},"end":{"line":142,"column":1}},"41":{"start":{"line":132,"column":1},"end":{"line":141,"column":2}},"42":{"start":{"line":134,"column":3},"end":{"line":134,"column":15}},"43":{"start":{"line":137,"column":3},"end":{"line":137,"column":21}},"44":{"start":{"line":140,"column":3},"end":{"line":140,"column":15}},"45":{"start":{"line":144,"column":29},"end":{"line":152,"column":1}},"46":{"start":{"line":145,"column":1},"end":{"line":151,"column":2}},"47":{"start":{"line":147,"column":3},"end":{"line":147,"column":22}},"48":{"start":{"line":150,"column":3},"end":{"line":150,"column":15}},"49":{"start":{"line":154,"column":26},"end":{"line":195,"column":1}},"50":{"start":{"line":155,"column":1},"end":{"line":194,"column":2}},"51":{"start":{"line":157,"column":3},"end":{"line":160,"column":4}},"52":{"start":{"line":163,"column":3},"end":{"line":166,"column":4}},"53":{"start":{"line":169,"column":3},"end":{"line":172,"column":4}},"54":{"start":{"line":175,"column":3},"end":{"line":178,"column":4}},"55":{"start":{"line":181,"column":3},"end":{"line":184,"column":4}},"56":{"start":{"line":187,"column":3},"end":{"line":190,"column":4}},"57":{"start":{"line":193,"column":3},"end":{"line":193,"column":15}},"58":{"start":{"line":197,"column":32},"end":{"line":205,"column":1}},"59":{"start":{"line":198,"column":1},"end":{"line":204,"column":2}},"60":{"start":{"line":200,"column":3},"end":{"line":200,"column":25}},"61":{"start":{"line":203,"column":3},"end":{"line":203,"column":15}},"62":{"start":{"line":207,"column":37},"end":{"line":221,"column":1}},"63":{"start":{"line":208,"column":1},"end":{"line":220,"column":2}},"64":{"start":{"line":210,"column":3},"end":{"line":210,"column":27}},"65":{"start":{"line":213,"column":3},"end":{"line":213,"column":37}},"66":{"start":{"line":216,"column":3},"end":{"line":216,"column":69}},"67":{"start":{"line":216,"column":40},"end":{"line":216,"column":68}},"68":{"start":{"line":219,"column":3},"end":{"line":219,"column":15}},"69":{"start":{"line":223,"column":33},"end":{"line":252,"column":1}},"70":{"start":{"line":224,"column":1},"end":{"line":251,"column":2}},"71":{"start":{"line":226,"column":3},"end":{"line":229,"column":4}},"72":{"start":{"line":232,"column":3},"end":{"line":235,"column":4}},"73":{"start":{"line":238,"column":3},"end":{"line":241,"column":4}},"74":{"start":{"line":244,"column":3},"end":{"line":247,"column":4}},"75":{"start":{"line":250,"column":3},"end":{"line":250,"column":15}},"76":{"start":{"line":254,"column":28},"end":{"line":283,"column":1}},"77":{"start":{"line":255,"column":1},"end":{"line":282,"column":2}},"78":{"start":{"line":257,"column":3},"end":{"line":260,"column":4}},"79":{"start":{"line":263,"column":3},"end":{"line":266,"column":4}},"80":{"start":{"line":269,"column":3},"end":{"line":272,"column":4}},"81":{"start":{"line":275,"column":3},"end":{"line":278,"column":4}},"82":{"start":{"line":281,"column":3},"end":{"line":281,"column":15}},"83":{"start":{"line":285,"column":26},"end":{"line":302,"column":1}},"84":{"start":{"line":286,"column":1},"end":{"line":301,"column":2}},"85":{"start":{"line":288,"column":3},"end":{"line":291,"column":4}},"86":{"start":{"line":294,"column":3},"end":{"line":297,"column":4}},"87":{"start":{"line":300,"column":3},"end":{"line":300,"column":15}},"88":{"start":{"line":304,"column":32},"end":{"line":316,"column":1}},"89":{"start":{"line":305,"column":1},"end":{"line":315,"column":2}},"90":{"start":{"line":307,"column":3},"end":{"line":310,"column":4}},"91":{"start":{"line":314,"column":3},"end":{"line":314,"column":15}},"92":{"start":{"line":318,"column":32},"end":{"line":330,"column":1}},"93":{"start":{"line":319,"column":1},"end":{"line":329,"column":2}},"94":{"start":{"line":321,"column":3},"end":{"line":324,"column":4}},"95":{"start":{"line":328,"column":3},"end":{"line":328,"column":15}}},"fnMap":{"0":{"name":"(anonymous_0)","decl":{"start":{"line":11,"column":21},"end":{"line":11,"column":22}},"loc":{"start":{"line":11,"column":67},"end":{"line":24,"column":1}},"line":11},"1":{"name":"(anonymous_1)","decl":{"start":{"line":26,"column":23},"end":{"line":26,"column":24}},"loc":{"start":{"line":26,"column":89},"end":{"line":56,"column":1}},"line":26},"2":{"name":"(anonymous_2)","decl":{"start":{"line":58,"column":27},"end":{"line":58,"column":28}},"loc":{"start":{"line":58,"column":56},"end":{"line":91,"column":1}},"line":58},"3":{"name":"(anonymous_3)","decl":{"start":{"line":67,"column":28},"end":{"line":67,"column":29}},"loc":{"start":{"line":67,"column":47},"end":{"line":72,"column":4}},"line":67},"4":{"name":"(anonymous_4)","decl":{"start":{"line":70,"column":22},"end":{"line":70,"column":23}},"loc":{"start":{"line":70,"column":31},"end":{"line":70,"column":45}},"line":70},"5":{"name":"(anonymous_5)","decl":{"start":{"line":93,"column":34},"end":{"line":93,"column":35}},"loc":{"start":{"line":93,"column":47},"end":{"line":93,"column":92}},"line":93},"6":{"name":"(anonymous_6)","decl":{"start":{"line":93,"column":47},"end":{"line":93,"column":48}},"loc":{"start":{"line":93,"column":56},"end":{"line":93,"column":92}},"line":93},"7":{"name":"(anonymous_7)","decl":{"start":{"line":100,"column":23},"end":{"line":100,"column":24}},"loc":{"start":{"line":100,"column":52},"end":{"line":129,"column":1}},"line":100},"8":{"name":"(anonymous_8)","decl":{"start":{"line":131,"column":28},"end":{"line":131,"column":29}},"loc":{"start":{"line":131,"column":60},"end":{"line":142,"column":1}},"line":131},"9":{"name":"(anonymous_9)","decl":{"start":{"line":144,"column":29},"end":{"line":144,"column":30}},"loc":{"start":{"line":144,"column":58},"end":{"line":152,"column":1}},"line":144},"10":{"name":"(anonymous_10)","decl":{"start":{"line":154,"column":26},"end":{"line":154,"column":27}},"loc":{"start":{"line":154,"column":117},"end":{"line":195,"column":1}},"line":154},"11":{"name":"(anonymous_11)","decl":{"start":{"line":197,"column":32},"end":{"line":197,"column":33}},"loc":{"start":{"line":197,"column":73},"end":{"line":205,"column":1}},"line":197},"12":{"name":"(anonymous_12)","decl":{"start":{"line":207,"column":37},"end":{"line":207,"column":38}},"loc":{"start":{"line":207,"column":80},"end":{"line":221,"column":1}},"line":207},"13":{"name":"(anonymous_13)","decl":{"start":{"line":216,"column":28},"end":{"line":216,"column":29}},"loc":{"start":{"line":216,"column":40},"end":{"line":216,"column":68}},"line":216},"14":{"name":"(anonymous_14)","decl":{"start":{"line":223,"column":33},"end":{"line":223,"column":34}},"loc":{"start":{"line":223,"column":121},"end":{"line":252,"column":1}},"line":223},"15":{"name":"(anonymous_15)","decl":{"start":{"line":254,"column":28},"end":{"line":254,"column":29}},"loc":{"start":{"line":254,"column":88},"end":{"line":283,"column":1}},"line":254},"16":{"name":"(anonymous_16)","decl":{"start":{"line":285,"column":26},"end":{"line":285,"column":27}},"loc":{"start":{"line":285,"column":109},"end":{"line":302,"column":1}},"line":285},"17":{"name":"(anonymous_17)","decl":{"start":{"line":304,"column":32},"end":{"line":304,"column":33}},"loc":{"start":{"line":304,"column":100},"end":{"line":316,"column":1}},"line":304},"18":{"name":"(anonymous_18)","decl":{"start":{"line":318,"column":32},"end":{"line":318,"column":33}},"loc":{"start":{"line":318,"column":76},"end":{"line":330,"column":1}},"line":318}},"branchMap":{"0":{"loc":{"start":{"line":11,"column":22},"end":{"line":11,"column":33}},"type":"default-arg","locations":[{"start":{"line":11,"column":31},"end":{"line":11,"column":33}}],"line":11},"1":{"loc":{"start":{"line":11,"column":35},"end":{"line":11,"column":62}},"type":"default-arg","locations":[{"start":{"line":11,"column":43},"end":{"line":11,"column":62}}],"line":11},"2":{"loc":{"start":{"line":12,"column":1},"end":{"line":23,"column":2}},"type":"switch","locations":[{"start":{"line":13,"column":2},"end":{"line":13,"column":57}},{"start":{"line":14,"column":2},"end":{"line":14,"column":59}},{"start":{"line":15,"column":2},"end":{"line":15,"column":57}},{"start":{"line":17,"column":2},"end":{"line":17,"column":57}},{"start":{"line":18,"column":2},"end":{"line":18,"column":59}},{"start":{"line":19,"column":2},"end":{"line":19,"column":57}},{"start":{"line":21,"column":2},"end":{"line":22,"column":15}}],"line":12},"3":{"loc":{"start":{"line":26,"column":24},"end":{"line":26,"column":71}},"type":"default-arg","locations":[{"start":{"line":26,"column":32},"end":{"line":26,"column":71}}],"line":26},"4":{"loc":{"start":{"line":26,"column":73},"end":{"line":26,"column":84}},"type":"default-arg","locations":[{"start":{"line":26,"column":82},"end":{"line":26,"column":84}}],"line":26},"5":{"loc":{"start":{"line":27,"column":1},"end":{"line":55,"column":2}},"type":"switch","locations":[{"start":{"line":28,"column":2},"end":{"line":32,"column":4}},{"start":{"line":34,"column":2},"end":{"line":38,"column":4}},{"start":{"line":40,"column":2},"end":{"line":44,"column":4}},{"start":{"line":46,"column":2},"end":{"line":51,"column":4}},{"start":{"line":53,"column":2},"end":{"line":54,"column":15}}],"line":27},"6":{"loc":{"start":{"line":58,"column":28},"end":{"line":58,"column":39}},"type":"default-arg","locations":[{"start":{"line":58,"column":37},"end":{"line":58,"column":39}}],"line":58},"7":{"loc":{"start":{"line":58,"column":41},"end":{"line":58,"column":51}},"type":"default-arg","locations":[{"start":{"line":58,"column":49},"end":{"line":58,"column":51}}],"line":58},"8":{"loc":{"start":{"line":60,"column":9},"end":{"line":62,"column":13}},"type":"cond-expr","locations":[{"start":{"line":61,"column":4},"end":{"line":61,"column":9}},{"start":{"line":62,"column":4},"end":{"line":62,"column":13}}],"line":60},"9":{"loc":{"start":{"line":64,"column":1},"end":{"line":90,"column":2}},"type":"switch","locations":[{"start":{"line":65,"column":2},"end":{"line":73,"column":3}},{"start":{"line":75,"column":2},"end":{"line":76,"column":17}},{"start":{"line":78,"column":2},"end":{"line":79,"column":15}},{"start":{"line":81,"column":2},"end":{"line":86,"column":3}},{"start":{"line":88,"column":2},"end":{"line":89,"column":15}}],"line":64},"10":{"loc":{"start":{"line":68,"column":11},"end":{"line":70,"column":46}},"type":"cond-expr","locations":[{"start":{"line":69,"column":7},"end":{"line":69,"column":25}},{"start":{"line":70,"column":7},"end":{"line":70,"column":46}}],"line":68},"11":{"loc":{"start":{"line":68,"column":12},"end":{"line":68,"column":53}},"type":"binary-expr","locations":[{"start":{"line":68,"column":12},"end":{"line":68,"column":19}},{"start":{"line":68,"column":24},"end":{"line":68,"column":52}}],"line":68},"12":{"loc":{"start":{"line":83,"column":10},"end":{"line":85,"column":8}},"type":"cond-expr","locations":[{"start":{"line":84,"column":6},"end":{"line":84,"column":11}},{"start":{"line":85,"column":6},"end":{"line":85,"column":8}}],"line":83},"13":{"loc":{"start":{"line":100,"column":24},"end":{"line":100,"column":34}},"type":"default-arg","locations":[{"start":{"line":100,"column":32},"end":{"line":100,"column":34}}],"line":100},"14":{"loc":{"start":{"line":100,"column":36},"end":{"line":100,"column":47}},"type":"default-arg","locations":[{"start":{"line":100,"column":45},"end":{"line":100,"column":47}}],"line":100},"15":{"loc":{"start":{"line":101,"column":1},"end":{"line":128,"column":2}},"type":"switch","locations":[{"start":{"line":102,"column":2},"end":{"line":106,"column":4}},{"start":{"line":108,"column":2},"end":{"line":112,"column":4}},{"start":{"line":114,"column":2},"end":{"line":118,"column":4}},{"start":{"line":120,"column":2},"end":{"line":124,"column":4}},{"start":{"line":126,"column":2},"end":{"line":127,"column":15}}],"line":101},"16":{"loc":{"start":{"line":131,"column":29},"end":{"line":131,"column":40}},"type":"default-arg","locations":[{"start":{"line":131,"column":38},"end":{"line":131,"column":40}}],"line":131},"17":{"loc":{"start":{"line":131,"column":42},"end":{"line":131,"column":55}},"type":"default-arg","locations":[{"start":{"line":131,"column":50},"end":{"line":131,"column":55}}],"line":131},"18":{"loc":{"start":{"line":132,"column":1},"end":{"line":141,"column":2}},"type":"switch","locations":[{"start":{"line":133,"column":2},"end":{"line":134,"column":15}},{"start":{"line":136,"column":2},"end":{"line":137,"column":21}},{"start":{"line":139,"column":2},"end":{"line":140,"column":15}}],"line":132},"19":{"loc":{"start":{"line":144,"column":30},"end":{"line":144,"column":41}},"type":"default-arg","locations":[{"start":{"line":144,"column":39},"end":{"line":144,"column":41}}],"line":144},"20":{"loc":{"start":{"line":144,"column":43},"end":{"line":144,"column":53}},"type":"default-arg","locations":[{"start":{"line":144,"column":51},"end":{"line":144,"column":53}}],"line":144},"21":{"loc":{"start":{"line":145,"column":1},"end":{"line":151,"column":2}},"type":"switch","locations":[{"start":{"line":146,"column":2},"end":{"line":147,"column":22}},{"start":{"line":149,"column":2},"end":{"line":150,"column":15}}],"line":145},"22":{"loc":{"start":{"line":154,"column":27},"end":{"line":154,"column":99}},"type":"default-arg","locations":[{"start":{"line":154,"column":35},"end":{"line":154,"column":99}}],"line":154},"23":{"loc":{"start":{"line":154,"column":101},"end":{"line":154,"column":112}},"type":"default-arg","locations":[{"start":{"line":154,"column":110},"end":{"line":154,"column":112}}],"line":154},"24":{"loc":{"start":{"line":155,"column":1},"end":{"line":194,"column":2}},"type":"switch","locations":[{"start":{"line":156,"column":2},"end":{"line":160,"column":4}},{"start":{"line":162,"column":2},"end":{"line":166,"column":4}},{"start":{"line":168,"column":2},"end":{"line":172,"column":4}},{"start":{"line":174,"column":2},"end":{"line":178,"column":4}},{"start":{"line":180,"column":2},"end":{"line":184,"column":4}},{"start":{"line":186,"column":2},"end":{"line":190,"column":4}},{"start":{"line":192,"column":2},"end":{"line":193,"column":15}}],"line":155},"25":{"loc":{"start":{"line":197,"column":33},"end":{"line":197,"column":44}},"type":"default-arg","locations":[{"start":{"line":197,"column":42},"end":{"line":197,"column":44}}],"line":197},"26":{"loc":{"start":{"line":197,"column":46},"end":{"line":197,"column":68}},"type":"default-arg","locations":[{"start":{"line":197,"column":54},"end":{"line":197,"column":68}}],"line":197},"27":{"loc":{"start":{"line":198,"column":1},"end":{"line":204,"column":2}},"type":"switch","locations":[{"start":{"line":199,"column":2},"end":{"line":200,"column":25}},{"start":{"line":202,"column":2},"end":{"line":203,"column":15}}],"line":198},"28":{"loc":{"start":{"line":207,"column":38},"end":{"line":207,"column":49}},"type":"default-arg","locations":[{"start":{"line":207,"column":47},"end":{"line":207,"column":49}}],"line":207},"29":{"loc":{"start":{"line":207,"column":51},"end":{"line":207,"column":75}},"type":"default-arg","locations":[{"start":{"line":207,"column":59},"end":{"line":207,"column":75}}],"line":207},"30":{"loc":{"start":{"line":208,"column":1},"end":{"line":220,"column":2}},"type":"switch","locations":[{"start":{"line":209,"column":2},"end":{"line":210,"column":27}},{"start":{"line":212,"column":2},"end":{"line":213,"column":37}},{"start":{"line":215,"column":2},"end":{"line":216,"column":69}},{"start":{"line":218,"column":2},"end":{"line":219,"column":15}}],"line":208},"31":{"loc":{"start":{"line":223,"column":34},"end":{"line":223,"column":45}},"type":"default-arg","locations":[{"start":{"line":223,"column":43},"end":{"line":223,"column":45}}],"line":223},"32":{"loc":{"start":{"line":223,"column":47},"end":{"line":223,"column":116}},"type":"default-arg","locations":[{"start":{"line":223,"column":55},"end":{"line":223,"column":116}}],"line":223},"33":{"loc":{"start":{"line":224,"column":1},"end":{"line":251,"column":2}},"type":"switch","locations":[{"start":{"line":225,"column":2},"end":{"line":229,"column":4}},{"start":{"line":231,"column":2},"end":{"line":235,"column":4}},{"start":{"line":237,"column":2},"end":{"line":241,"column":4}},{"start":{"line":243,"column":2},"end":{"line":247,"column":4}},{"start":{"line":249,"column":2},"end":{"line":250,"column":15}}],"line":224},"34":{"loc":{"start":{"line":254,"column":29},"end":{"line":254,"column":70}},"type":"default-arg","locations":[{"start":{"line":254,"column":37},"end":{"line":254,"column":70}}],"line":254},"35":{"loc":{"start":{"line":254,"column":72},"end":{"line":254,"column":83}},"type":"default-arg","locations":[{"start":{"line":254,"column":81},"end":{"line":254,"column":83}}],"line":254},"36":{"loc":{"start":{"line":255,"column":1},"end":{"line":282,"column":2}},"type":"switch","locations":[{"start":{"line":256,"column":2},"end":{"line":260,"column":4}},{"start":{"line":262,"column":2},"end":{"line":266,"column":4}},{"start":{"line":268,"column":2},"end":{"line":272,"column":4}},{"start":{"line":274,"column":2},"end":{"line":278,"column":4}},{"start":{"line":280,"column":2},"end":{"line":281,"column":15}}],"line":255},"37":{"loc":{"start":{"line":285,"column":27},"end":{"line":285,"column":91}},"type":"default-arg","locations":[{"start":{"line":285,"column":35},"end":{"line":285,"column":91}}],"line":285},"38":{"loc":{"start":{"line":285,"column":93},"end":{"line":285,"column":104}},"type":"default-arg","locations":[{"start":{"line":285,"column":102},"end":{"line":285,"column":104}}],"line":285},"39":{"loc":{"start":{"line":286,"column":1},"end":{"line":301,"column":2}},"type":"switch","locations":[{"start":{"line":287,"column":2},"end":{"line":291,"column":4}},{"start":{"line":293,"column":2},"end":{"line":297,"column":4}},{"start":{"line":299,"column":2},"end":{"line":300,"column":15}}],"line":286},"40":{"loc":{"start":{"line":304,"column":33},"end":{"line":304,"column":44}},"type":"default-arg","locations":[{"start":{"line":304,"column":42},"end":{"line":304,"column":44}}],"line":304},"41":{"loc":{"start":{"line":304,"column":46},"end":{"line":304,"column":95}},"type":"default-arg","locations":[{"start":{"line":304,"column":54},"end":{"line":304,"column":95}}],"line":304},"42":{"loc":{"start":{"line":305,"column":1},"end":{"line":315,"column":2}},"type":"switch","locations":[{"start":{"line":306,"column":2},"end":{"line":311,"column":3}},{"start":{"line":313,"column":2},"end":{"line":314,"column":15}}],"line":305},"43":{"loc":{"start":{"line":318,"column":33},"end":{"line":318,"column":44}},"type":"default-arg","locations":[{"start":{"line":318,"column":42},"end":{"line":318,"column":44}}],"line":318},"44":{"loc":{"start":{"line":318,"column":46},"end":{"line":318,"column":71}},"type":"default-arg","locations":[{"start":{"line":318,"column":54},"end":{"line":318,"column":71}}],"line":318},"45":{"loc":{"start":{"line":319,"column":1},"end":{"line":329,"column":2}},"type":"switch","locations":[{"start":{"line":320,"column":2},"end":{"line":325,"column":3}},{"start":{"line":327,"column":2},"end":{"line":328,"column":15}}],"line":319}},"s":{"0":3,"1":38,"2":4,"3":3,"4":3,"5":4,"6":3,"7":3,"8":18,"9":3,"10":18,"11":2,"12":1,"13":1,"14":2,"15":12,"16":3,"17":22,"18":22,"19":22,"20":11,"21":11,"22":23,"23":50,"24":2,"25":4,"26":4,"27":4,"28":1,"29":3,"30":3,"31":7,"32":3,"33":3,"34":24,"35":5,"36":1,"37":2,"38":2,"39":14,"40":3,"41":49,"42":2,"43":1,"44":46,"45":3,"46":13,"47":1,"48":12,"49":3,"50":21,"51":2,"52":1,"53":1,"54":1,"55":1,"56":1,"57":14,"58":3,"59":17,"60":3,"61":14,"62":3,"63":23,"64":3,"65":3,"66":3,"67":9,"68":14,"69":3,"70":19,"71":2,"72":2,"73":2,"74":2,"75":11,"76":3,"77":19,"78":1,"79":1,"80":1,"81":1,"82":15,"83":3,"84":16,"85":2,"86":1,"87":13,"88":3,"89":11,"90":2,"91":9,"92":3,"93":10,"94":1,"95":9},"f":{"0":38,"1":18,"2":22,"3":23,"4":50,"5":3,"6":7,"7":24,"8":49,"9":13,"10":21,"11":17,"12":23,"13":9,"14":19,"15":19,"16":16,"17":11,"18":10},"b":{"0":[18],"1":[38],"2":[4,3,3,4,3,3,18],"3":[8],"4":[1],"5":[2,1,1,2,12],"6":[1],"7":[7],"8":[12,10],"9":[11,2,4,4,1],"10":[11,12],"11":[23,11],"12":[2,2],"13":[7],"14":[1],"15":[5,1,2,2,14],"16":[46],"17":[49],"18":[2,1,46],"19":[12],"20":[13],"21":[1,12],"22":[8],"23":[1],"24":[2,1,1,1,1,1,14],"25":[14],"26":[15],"27":[3,14],"28":[14],"29":[17],"30":[3,3,3,14],"31":[11],"32":[11],"33":[2,2,2,2,11],"34":[9],"35":[2],"36":[1,1,1,1,15],"37":[8],"38":[1],"39":[2,1,13],"40":[9],"41":[9],"42":[2,9],"43":[9],"44":[9],"45":[1,9]},"_coverageSchema":"332fd63041d2c1bcb487cc26dd0d5f7d97098a6c","hash":"a5236f79cf67e1979a0effa79803a136112945e1"}
}
