TN:
SF:/var/www/aviasales-test/src/index.js
FNF:0
FNH:0
DA:9,1
DA:11,1
DA:12,1
DA:14,1
DA:24,1
LF:5
LH:5
BRF:0
BRH:0
end_of_record
TN:
SF:/var/www/aviasales-test/src/components/App.js
FN:18,(anonymous_0)
FN:29,(anonymous_1)
FN:32,(anonymous_2)
FN:70,(anonymous_3)
FN:71,(anonymous_4)
FN:72,(anonymous_5)
FN:73,(anonymous_6)
FN:87,(anonymous_7)
FN:94,(anonymous_8)
FN:94,(anonymous_9)
FN:95,(anonymous_10)
FN:95,(anonymous_11)
FN:96,(anonymous_12)
FN:96,(anonymous_13)
FNF:14
FNH:6
FNDA:1,(anonymous_0)
FNDA:1,(anonymous_1)
FNDA:2,(anonymous_2)
FNDA:0,(anonymous_3)
FNDA:0,(anonymous_4)
FNDA:0,(anonymous_5)
FNDA:0,(anonymous_6)
FNDA:2,(anonymous_7)
FNDA:0,(anonymous_8)
FNDA:0,(anonymous_9)
FNDA:1,(anonymous_10)
FNDA:1,(anonymous_11)
FNDA:0,(anonymous_12)
FNDA:0,(anonymous_13)
DA:19,1
DA:20,1
DA:22,1
DA:23,1
DA:25,1
DA:26,1
DA:30,1
DA:33,2
DA:34,2
DA:60,2
DA:70,0
DA:71,0
DA:72,0
DA:73,0
DA:76,2
DA:88,2
DA:94,0
DA:95,1
DA:96,0
LF:19
LH:13
BRDA:22,0,0,1
BRDA:22,0,1,0
BRDA:22,1,0,1
BRDA:22,1,1,1
BRDA:25,2,0,1
BRDA:25,2,1,0
BRDA:25,3,0,1
BRDA:25,3,1,1
BRF:8
BRH:6
end_of_record
TN:
SF:/var/www/aviasales-test/src/components/containers.js
FN:12,(anonymous_0)
FN:18,(anonymous_1)
FN:41,(anonymous_2)
FN:42,(anonymous_3)
FN:47,(anonymous_4)
FN:49,(anonymous_5)
FN:73,(anonymous_6)
FN:83,(anonymous_7)
FNF:8
FNH:7
FNDA:2,(anonymous_0)
FNDA:1,(anonymous_1)
FNDA:2,(anonymous_2)
FNDA:0,(anonymous_3)
FNDA:2,(anonymous_4)
FNDA:6,(anonymous_5)
FNDA:1,(anonymous_6)
FNDA:2,(anonymous_7)
DA:11,2
DA:13,2
DA:19,1
DA:21,0
DA:22,0
DA:23,0
DA:24,0
DA:27,0
DA:28,0
DA:29,0
DA:30,0
DA:33,0
DA:34,0
DA:35,0
DA:36,0
DA:41,2
DA:42,2
DA:43,0
DA:46,2
DA:48,2
DA:49,2
DA:50,6
DA:51,6
DA:52,6
DA:53,6
DA:62,6
DA:68,2
DA:73,1
DA:75,0
DA:76,0
DA:77,0
DA:82,2
DA:83,2
LF:33
LH:17
BRDA:41,0,0,0
BRDA:53,1,0,2
BRDA:53,1,1,4
BRDA:55,2,0,4
BRDA:55,2,1,0
BRDA:56,3,0,4
BRDA:56,3,1,2
BRDA:56,3,2,2
BRF:8
BRH:6
end_of_record
TN:
SF:/var/www/aviasales-test/src/components/UI/ButtonsGroup.js
FN:5,(anonymous_0)
FN:20,(anonymous_1)
FN:55,(anonymous_2)
FNF:3
FNH:3
FNDA:5,(anonymous_0)
FNDA:12,(anonymous_1)
FNDA:1,(anonymous_2)
DA:5,3
DA:6,5
DA:7,5
DA:21,12
DA:22,12
DA:50,3
DA:55,1
DA:58,3
LF:8
LH:8
BRDA:10,0,0,2
BRDA:10,0,1,3
BRDA:17,1,0,4
BRDA:17,1,1,1
BRF:4
BRH:4
end_of_record
TN:
SF:/var/www/aviasales-test/src/components/UI/CurrencySymbol.js
FN:4,(anonymous_0)
FN:16,(anonymous_1)
FNF:2
FNH:2
FNDA:3,(anonymous_0)
FNDA:3,(anonymous_1)
DA:4,3
DA:5,3
DA:7,1
DA:10,1
DA:13,1
DA:16,3
DA:17,3
DA:18,3
DA:25,3
DA:29,3
LF:10
LH:10
BRDA:5,0,0,1
BRDA:5,0,1,1
BRDA:5,0,2,1
BRF:3
BRH:3
end_of_record
TN:
SF:/var/www/aviasales-test/src/components/UI/Filter.js
FN:5,(anonymous_0)
FN:9,(anonymous_1)
FNF:2
FNH:2
FNDA:4,(anonymous_0)
FNDA:3,(anonymous_1)
DA:5,3
DA:6,4
DA:10,3
DA:20,3
DA:24,3
LF:5
LH:5
BRDA:8,0,0,1
BRDA:8,0,1,3
BRF:2
BRH:2
end_of_record
TN:
SF:/var/www/aviasales-test/src/components/UI/Header.js
FN:5,(anonymous_0)
FNF:1
FNH:1
FNDA:2,(anonymous_0)
DA:5,2
DA:6,2
DA:9,2
DA:25,2
DA:31,2
LF:5
LH:5
BRDA:6,0,0,2
BRDA:6,0,1,0
BRDA:15,1,0,0
BRDA:15,1,1,2
BRF:4
BRH:2
end_of_record
TN:
SF:/var/www/aviasales-test/src/components/UI/Loader.js
FN:5,(anonymous_0)
FNF:1
FNH:1
FNDA:2,(anonymous_0)
DA:5,2
DA:6,2
DA:12,2
DA:16,2
LF:4
LH:4
BRF:0
BRH:0
end_of_record
TN:
SF:/var/www/aviasales-test/src/components/UI/Modificator.js
FN:5,(anonymous_0)
FN:7,(anonymous_1)
FNF:2
FNH:2
FNDA:4,(anonymous_0)
FNDA:3,(anonymous_1)
DA:5,3
DA:6,4
DA:8,3
DA:16,3
DA:20,3
LF:5
LH:5
BRDA:6,0,0,1
BRDA:6,0,1,3
BRF:2
BRH:2
end_of_record
TN:
SF:/var/www/aviasales-test/src/components/UI/StopList.js
FN:7,(anonymous_0)
FN:37,(anonymous_1)
FN:91,(anonymous_2)
FN:92,(anonymous_3)
FN:93,(anonymous_4)
FNF:5
FNH:1
FNDA:2,(anonymous_0)
FNDA:0,(anonymous_1)
FNDA:0,(anonymous_2)
FNDA:0,(anonymous_3)
FNDA:0,(anonymous_4)
DA:7,2
DA:17,2
DA:18,2
DA:19,2
DA:22,2
DA:38,0
DA:42,0
DA:85,2
DA:91,0
DA:92,0
DA:93,0
DA:96,2
LF:12
LH:7
BRDA:19,0,0,2
BRDA:19,0,1,0
BRDA:25,1,0,2
BRDA:25,1,1,0
BRDA:32,2,0,1
BRDA:32,2,1,1
BRDA:34,3,0,0
BRDA:34,3,1,1
BRDA:38,4,0,0
BRDA:38,4,1,0
BRDA:45,5,0,0
BRDA:45,5,1,0
BRDA:60,6,0,0
BRDA:60,6,1,0
BRDA:63,7,0,0
BRDA:63,7,1,0
BRF:16
BRH:5
end_of_record
TN:
SF:/var/www/aviasales-test/src/components/UI/Ticket.js
FN:12,(anonymous_0)
FNF:1
FNH:0
FNDA:0,(anonymous_0)
DA:12,2
DA:26,0
DA:27,0
DA:31,0
DA:114,2
DA:133,2
LF:6
LH:3
BRDA:27,0,0,0
BRDA:27,0,1,0
BRDA:32,1,0,0
BRDA:32,1,1,0
BRDA:47,2,0,0
BRDA:47,2,1,0
BRF:6
BRH:0
end_of_record
TN:
SF:/var/www/aviasales-test/src/components/UI/Tickets.js
FN:8,(anonymous_0)
FNF:1
FNH:1
FNDA:2,(anonymous_0)
DA:8,2
DA:9,2
DA:31,2
DA:35,2
LF:4
LH:4
BRDA:9,0,0,2
BRDA:9,0,1,0
BRF:2
BRH:1
end_of_record
TN:
SF:/var/www/aviasales-test/src/components/UI/TicketsList.js
FN:7,(anonymous_0)
FN:29,(anonymous_1)
FN:30,(anonymous_2)
FN:31,(anonymous_3)
FNF:4
FNH:1
FNDA:2,(anonymous_0)
FNDA:0,(anonymous_1)
FNDA:0,(anonymous_2)
FNDA:0,(anonymous_3)
DA:7,2
DA:15,2
DA:16,2
DA:17,2
DA:18,2
DA:19,2
DA:20,2
DA:29,0
DA:30,0
DA:32,0
DA:48,2
DA:57,2
LF:12
LH:9
BRDA:21,0,0,2
BRDA:21,0,1,0
BRDA:23,1,0,0
BRDA:23,1,1,2
BRDA:25,2,0,1
BRDA:25,2,1,1
BRDA:27,3,0,1
BRDA:27,3,1,0
BRF:8
BRH:5
end_of_record
TN:
SF:/var/www/aviasales-test/src/helpers/dddCapitalize.js
FN:1,(anonymous_0)
FN:3,(anonymous_1)
FNF:2
FNH:2
FNDA:2,(anonymous_0)
FNDA:1,(anonymous_1)
DA:1,3
DA:2,2
DA:3,1
DA:8,1
DA:10,1
LF:5
LH:5
BRDA:2,0,0,1
BRDA:2,0,1,1
BRF:2
BRH:2
end_of_record
TN:
SF:/var/www/aviasales-test/src/helpers/fetch.js
FN:11,(anonymous_0)
FN:11,(anonymous_1)
FN:14,(anonymous_2)
FN:15,(anonymous_3)
FN:19,(anonymous_4)
FN:22,(anonymous_5)
FN:22,(anonymous_6)
FN:25,(anonymous_7)
FN:26,(anonymous_8)
FN:31,(anonymous_9)
FNF:10
FNH:4
FNDA:1,(anonymous_0)
FNDA:1,(anonymous_1)
FNDA:0,(anonymous_2)
FNDA:0,(anonymous_3)
FNDA:0,(anonymous_4)
FNDA:1,(anonymous_5)
FNDA:1,(anonymous_6)
FNDA:0,(anonymous_7)
FNDA:0,(anonymous_8)
FNDA:0,(anonymous_9)
DA:11,2
DA:12,1
DA:13,1
DA:14,0
DA:16,0
DA:17,0
DA:19,0
DA:22,2
DA:23,1
DA:24,1
DA:25,0
DA:27,0
DA:28,0
DA:29,0
DA:31,0
LF:15
LH:6
BRF:0
BRH:0
end_of_record
TN:
SF:/var/www/aviasales-test/src/helpers/fetchStates.js
FN:1,(anonymous_0)
FN:6,(anonymous_1)
FN:11,(anonymous_2)
FN:16,(anonymous_3)
FNF:4
FNH:4
FNDA:41,(anonymous_0)
FNDA:11,(anonymous_1)
FNDA:10,(anonymous_2)
FNDA:9,(anonymous_3)
DA:1,41
DA:6,11
DA:11,10
DA:16,9
LF:4
LH:4
BRF:0
BRH:0
end_of_record
TN:
SF:/var/www/aviasales-test/src/helpers/getStops.js
FN:4,(anonymous_0)
FN:5,(anonymous_1)
FN:15,(anonymous_2)
FN:15,(anonymous_3)
FNF:4
FNH:4
FNDA:4,(anonymous_0)
FNDA:40,(anonymous_1)
FNDA:4,(anonymous_2)
FNDA:4,(anonymous_3)
DA:4,4
DA:5,4
DA:6,40
DA:7,40
DA:12,4
DA:15,4
DA:17,4
LF:7
LH:7
BRDA:7,0,0,16
BRDA:7,0,1,24
BRF:2
BRH:2
end_of_record
TN:
SF:/var/www/aviasales-test/src/helpers/sort.js
FN:1,(anonymous_0)
FN:4,(anonymous_1)
FN:7,(anonymous_2)
FNF:3
FNH:3
FNDA:14,(anonymous_0)
FNDA:52,(anonymous_1)
FNDA:15,(anonymous_2)
DA:1,5
DA:2,14
DA:4,52
DA:7,15
DA:10,1
LF:5
LH:5
BRDA:2,0,0,12
BRDA:2,0,1,1
BRDA:2,0,2,1
BRF:3
BRH:3
end_of_record
TN:
SF:/var/www/aviasales-test/src/store/actions.js
FN:5,(anonymous_0)
FN:6,(anonymous_1)
FN:7,(anonymous_2)
FN:9,(anonymous_3)
FN:16,(anonymous_4)
FN:22,(anonymous_5)
FN:27,(anonymous_6)
FN:31,(anonymous_7)
FN:39,(anonymous_8)
FN:40,(anonymous_9)
FN:41,(anonymous_10)
FN:43,(anonymous_11)
FN:48,(anonymous_12)
FN:52,(anonymous_13)
FN:57,(anonymous_14)
FN:62,(anonymous_15)
FN:67,(anonymous_16)
FN:72,(anonymous_17)
FN:77,(anonymous_18)
FN:82,(anonymous_19)
FNF:20
FNH:20
FNDA:2,(anonymous_0)
FNDA:1,(anonymous_1)
FNDA:1,(anonymous_2)
FNDA:1,(anonymous_3)
FNDA:3,(anonymous_4)
FNDA:3,(anonymous_5)
FNDA:1,(anonymous_6)
FNDA:3,(anonymous_7)
FNDA:2,(anonymous_8)
FNDA:1,(anonymous_9)
FNDA:1,(anonymous_10)
FNDA:1,(anonymous_11)
FNDA:1,(anonymous_12)
FNDA:1,(anonymous_13)
FNDA:1,(anonymous_14)
FNDA:1,(anonymous_15)
FNDA:1,(anonymous_16)
FNDA:1,(anonymous_17)
FNDA:2,(anonymous_18)
FNDA:1,(anonymous_19)
DA:5,3
DA:6,3
DA:7,3
DA:9,3
DA:16,3
DA:22,3
DA:27,3
DA:31,3
DA:39,3
DA:40,3
DA:41,3
DA:43,3
DA:48,3
DA:52,3
DA:57,3
DA:62,3
DA:67,3
DA:72,3
DA:77,3
DA:82,3
LF:20
LH:20
BRF:0
BRH:0
end_of_record
TN:
SF:/var/www/aviasales-test/src/store/constants.js
FNF:0
FNH:0
DA:1,5
LF:1
LH:1
BRF:0
BRH:0
end_of_record
TN:
SF:/var/www/aviasales-test/src/store/index.js
FN:19,(anonymous_0)
FN:19,(anonymous_1)
FN:19,(anonymous_2)
FN:25,(anonymous_3)
FNF:4
FNH:4
FNDA:3,(anonymous_0)
FNDA:3,(anonymous_1)
FNDA:7,(anonymous_2)
FNDA:3,(anonymous_3)
DA:19,3
DA:20,7
DA:21,7
DA:22,7
DA:25,2
DA:26,3
LF:6
LH:6
BRDA:25,0,0,2
BRDA:28,1,0,2
BRDA:28,1,1,1
BRF:3
BRH:3
end_of_record
TN:
SF:/var/www/aviasales-test/src/store/reducers.js
FN:11,(anonymous_0)
FN:26,(anonymous_1)
FN:58,(anonymous_2)
FN:67,(anonymous_3)
FN:70,(anonymous_4)
FN:93,(anonymous_5)
FN:93,(anonymous_6)
FN:100,(anonymous_7)
FN:131,(anonymous_8)
FN:144,(anonymous_9)
FN:154,(anonymous_10)
FN:197,(anonymous_11)
FN:207,(anonymous_12)
FN:216,(anonymous_13)
FN:223,(anonymous_14)
FN:254,(anonymous_15)
FN:285,(anonymous_16)
FN:304,(anonymous_17)
FN:318,(anonymous_18)
FNF:19
FNH:19
FNDA:38,(anonymous_0)
FNDA:18,(anonymous_1)
FNDA:22,(anonymous_2)
FNDA:23,(anonymous_3)
FNDA:50,(anonymous_4)
FNDA:3,(anonymous_5)
FNDA:7,(anonymous_6)
FNDA:24,(anonymous_7)
FNDA:49,(anonymous_8)
FNDA:13,(anonymous_9)
FNDA:21,(anonymous_10)
FNDA:17,(anonymous_11)
FNDA:23,(anonymous_12)
FNDA:9,(anonymous_13)
FNDA:19,(anonymous_14)
FNDA:19,(anonymous_15)
FNDA:16,(anonymous_16)
FNDA:11,(anonymous_17)
FNDA:10,(anonymous_18)
DA:11,3
DA:12,38
DA:13,4
DA:14,3
DA:15,3
DA:17,4
DA:18,3
DA:19,3
DA:22,18
DA:26,3
DA:27,18
DA:29,2
DA:35,1
DA:41,1
DA:47,2
DA:54,12
DA:58,3
DA:59,22
DA:60,22
DA:64,22
DA:66,11
DA:67,11
DA:68,23
DA:70,50
DA:76,2
DA:79,4
DA:82,4
DA:83,4
DA:89,1
DA:93,7
DA:95,3
DA:100,3
DA:101,24
DA:103,5
DA:109,1
DA:115,2
DA:121,2
DA:127,14
DA:131,3
DA:132,49
DA:134,2
DA:137,1
DA:140,46
DA:144,3
DA:145,13
DA:147,1
DA:150,12
DA:154,3
DA:155,21
DA:157,2
DA:163,1
DA:169,1
DA:175,1
DA:181,1
DA:187,1
DA:193,14
DA:197,3
DA:198,17
DA:200,3
DA:203,14
DA:207,3
DA:208,23
DA:210,3
DA:213,3
DA:216,9
DA:219,14
DA:223,3
DA:224,19
DA:226,2
DA:232,2
DA:238,2
DA:244,2
DA:250,11
DA:254,3
DA:255,19
DA:257,1
DA:263,1
DA:269,1
DA:275,1
DA:281,15
DA:285,3
DA:286,16
DA:288,2
DA:294,1
DA:300,13
DA:304,3
DA:305,11
DA:307,2
DA:314,9
DA:318,3
DA:319,10
DA:321,1
DA:328,9
LF:93
LH:93
BRDA:11,0,0,18
BRDA:11,1,0,38
BRDA:12,2,0,4
BRDA:12,2,1,3
BRDA:12,2,2,3
BRDA:12,2,3,4
BRDA:12,2,4,3
BRDA:12,2,5,3
BRDA:12,2,6,18
BRDA:26,3,0,8
BRDA:26,4,0,1
BRDA:27,5,0,2
BRDA:27,5,1,1
BRDA:27,5,2,1
BRDA:27,5,3,2
BRDA:27,5,4,12
BRDA:58,6,0,1
BRDA:58,7,0,7
BRDA:60,8,0,12
BRDA:60,8,1,10
BRDA:64,9,0,11
BRDA:64,9,1,2
BRDA:64,9,2,4
BRDA:64,9,3,4
BRDA:64,9,4,1
BRDA:68,10,0,11
BRDA:68,10,1,12
BRDA:68,11,0,23
BRDA:68,11,1,11
BRDA:83,12,0,2
BRDA:83,12,1,2
BRDA:100,13,0,7
BRDA:100,14,0,1
BRDA:101,15,0,5
BRDA:101,15,1,1
BRDA:101,15,2,2
BRDA:101,15,3,2
BRDA:101,15,4,14
BRDA:131,16,0,46
BRDA:131,17,0,49
BRDA:132,18,0,2
BRDA:132,18,1,1
BRDA:132,18,2,46
BRDA:144,19,0,12
BRDA:144,20,0,13
BRDA:145,21,0,1
BRDA:145,21,1,12
BRDA:154,22,0,8
BRDA:154,23,0,1
BRDA:155,24,0,2
BRDA:155,24,1,1
BRDA:155,24,2,1
BRDA:155,24,3,1
BRDA:155,24,4,1
BRDA:155,24,5,1
BRDA:155,24,6,14
BRDA:197,25,0,14
BRDA:197,26,0,15
BRDA:198,27,0,3
BRDA:198,27,1,14
BRDA:207,28,0,14
BRDA:207,29,0,17
BRDA:208,30,0,3
BRDA:208,30,1,3
BRDA:208,30,2,3
BRDA:208,30,3,14
BRDA:223,31,0,11
BRDA:223,32,0,11
BRDA:224,33,0,2
BRDA:224,33,1,2
BRDA:224,33,2,2
BRDA:224,33,3,2
BRDA:224,33,4,11
BRDA:254,34,0,9
BRDA:254,35,0,2
BRDA:255,36,0,1
BRDA:255,36,1,1
BRDA:255,36,2,1
BRDA:255,36,3,1
BRDA:255,36,4,15
BRDA:285,37,0,8
BRDA:285,38,0,1
BRDA:286,39,0,2
BRDA:286,39,1,1
BRDA:286,39,2,13
BRDA:304,40,0,9
BRDA:304,41,0,9
BRDA:305,42,0,2
BRDA:305,42,1,9
BRDA:318,43,0,9
BRDA:318,44,0,9
BRDA:319,45,0,1
BRDA:319,45,1,9
BRF:93
BRH:93
end_of_record
